<?xml version="1.0" encoding="utf-8" standalone="no"?>
<!--This file represents the results of running a test suite-->
<test-results name="/home/jenkins/workspace/osCore2/bin/OpenSim.Capabilities.Handlers.Tests.dll" total="452" errors="1" failures="0" not-run="43" inconclusive="0" ignored="43" skipped="0" invalid="0" date="2017-08-03" time="04:13:46">
  <environment nunit-version="2.6.4.0" clr-version="4.0.30319.42000" os-version="Unix 4.10.0.28" platform="Unix" cwd="/home/jenkins/workspace/osCore2/bin" machine-name="regions5.opensim.life" user="jenkins" user-domain="regions5.opensim.life" />
  <culture-info current-culture="en-US" current-uiculture="en-US" />
  <test-suite type="Test Project" name="" executed="True" result="Failure" success="False" time="234.125" asserts="0">
    <results>
      <test-suite type="Assembly" name="/home/jenkins/workspace/osCore2/bin/OpenSim.Capabilities.Handlers.Tests.dll" executed="True" result="Success" success="True" time="0.542" asserts="0">
        <results>
          <test-suite type="Namespace" name="OpenSim" executed="True" result="Success" success="True" time="0.537" asserts="0">
            <results>
              <test-suite type="Namespace" name="Capabilities" executed="True" result="Success" success="True" time="0.536" asserts="0">
                <results>
                  <test-suite type="Namespace" name="Handlers" executed="True" result="Success" success="True" time="0.536" asserts="0">
                    <results>
                      <test-suite type="Namespace" name="FetchInventory" executed="True" result="Success" success="True" time="0.536" asserts="0">
                        <results>
                          <test-suite type="Namespace" name="Tests" executed="True" result="Success" success="True" time="0.536" asserts="0">
                            <results>
                              <test-suite type="TestFixture" name="FetchInventory2HandlerTests" executed="True" result="Success" success="True" time="0.472" asserts="0">
                                <results>
                                  <test-case name="OpenSim.Capabilities.Handlers.FetchInventory.Tests.FetchInventory2HandlerTests.Test_001_RequestOne" executed="True" result="Success" success="True" time="0.448" asserts="5" />
                                  <test-case name="OpenSim.Capabilities.Handlers.FetchInventory.Tests.FetchInventory2HandlerTests.Test_002_RequestMany" executed="True" result="Success" success="True" time="0.014" asserts="8" />
                                </results>
                              </test-suite>
                              <test-suite type="TestFixture" name="FetchInventoryDescendents2HandlerTests" executed="True" result="Success" success="True" time="0.062" asserts="0">
                                <results>
                                  <test-case name="OpenSim.Capabilities.Handlers.FetchInventory.Tests.FetchInventoryDescendents2HandlerTests.Test_001_SimpleFolder" executed="True" result="Success" success="True" time="0.025" asserts="4" />
                                  <test-case name="OpenSim.Capabilities.Handlers.FetchInventory.Tests.FetchInventoryDescendents2HandlerTests.Test_002_MultipleFolders" executed="True" result="Success" success="True" time="0.005" asserts="4" />
                                  <test-case name="OpenSim.Capabilities.Handlers.FetchInventory.Tests.FetchInventoryDescendents2HandlerTests.Test_003_Links" executed="True" result="Success" success="True" time="0.006" asserts="6" />
                                  <test-case name="OpenSim.Capabilities.Handlers.FetchInventory.Tests.FetchInventoryDescendents2HandlerTests.Test_004_DuplicateFolders" executed="True" result="Success" success="True" time="0.012" asserts="4" />
                                  <test-case name="OpenSim.Capabilities.Handlers.FetchInventory.Tests.FetchInventoryDescendents2HandlerTests.Test_005_FolderZero" executed="True" result="Success" success="True" time="0.011" asserts="3" />
                                </results>
                              </test-suite>
                            </results>
                          </test-suite>
                        </results>
                      </test-suite>
                    </results>
                  </test-suite>
                </results>
              </test-suite>
            </results>
          </test-suite>
        </results>
      </test-suite>
      <test-suite type="Assembly" name="/home/jenkins/workspace/osCore2/bin/OpenSim.Data.Tests.dll" executed="True" result="Failure" success="False" time="12.639" asserts="0">
        <results>
          <test-suite type="Namespace" name="OpenSim" executed="True" result="Failure" success="False" time="12.634" asserts="0">
            <results>
              <test-suite type="Namespace" name="Data" executed="True" result="Failure" success="False" time="12.634" asserts="0">
                <results>
                  <test-suite type="Namespace" name="Tests" executed="True" result="Failure" success="False" time="12.634" asserts="0">
                    <results>
                      <test-suite type="GenericFixture" name="AssetTests&lt;TConn,TAssetData&gt;" executed="False" result="NotRunnable">
                        <reason>
                          <message><![CDATA[Generic fixture has no type arguments provided]]></message>
                        </reason>
                      </test-suite>
                      <test-suite type="GenericFixture" name="EstateTests&lt;TConn,TEstateStore&gt;" executed="False" result="NotRunnable">
                        <reason>
                          <message><![CDATA[Generic fixture has no type arguments provided]]></message>
                        </reason>
                      </test-suite>
                      <test-suite type="GenericFixture" name="InventoryTests&lt;TConn,TInvStore&gt;" executed="False" result="NotRunnable">
                        <reason>
                          <message><![CDATA[Generic fixture has no type arguments provided]]></message>
                        </reason>
                      </test-suite>
                      <test-suite type="TestFixture" name="MySqlAssetTests" description="Asset store tests (MySQL)" executed="False" result="Ignored">
                        <reason>
                          <message><![CDATA[MySqlConnection is unable to connect to the database, ignoring tests]]></message>
                        </reason>
                        <results>
                          <test-case name="OpenSim.Data.Tests.MySqlAssetTests.AssetTests`2.T001_LoadEmpty" executed="False" result="Ignored">
                            <reason>
                              <message><![CDATA[MySqlConnection is unable to connect to the database, ignoring tests]]></message>
                            </reason>
                          </test-case>
                          <test-case name="OpenSim.Data.Tests.MySqlAssetTests.AssetTests`2.T010_StoreReadVerifyAssets" executed="False" result="Ignored">
                            <reason>
                              <message><![CDATA[MySqlConnection is unable to connect to the database, ignoring tests]]></message>
                            </reason>
                          </test-case>
                          <test-case name="OpenSim.Data.Tests.MySqlAssetTests.AssetTests`2.T020_CheckForWeirdCreatorID" executed="False" result="Ignored">
                            <reason>
                              <message><![CDATA[MySqlConnection is unable to connect to the database, ignoring tests]]></message>
                            </reason>
                          </test-case>
                        </results>
                      </test-suite>
                      <test-suite type="TestFixture" name="MySqlEstateTests" description="Estate store tests (MySQL)" executed="False" result="Ignored">
                        <reason>
                          <message><![CDATA[MySqlConnection is unable to connect to the database, ignoring tests]]></message>
                        </reason>
                        <results>
                          <test-case name="OpenSim.Data.Tests.MySqlEstateTests.EstateTests`2.T010_EstateSettingsSimpleStorage_MinimumParameterSet" executed="False" result="Ignored">
                            <reason>
                              <message><![CDATA[MySqlConnection is unable to connect to the database, ignoring tests]]></message>
                            </reason>
                          </test-case>
                          <test-case name="OpenSim.Data.Tests.MySqlEstateTests.EstateTests`2.T011_EstateSettingsSimpleStorage_MaximumParameterSet" executed="False" result="Ignored">
                            <reason>
                              <message><![CDATA[MySqlConnection is unable to connect to the database, ignoring tests]]></message>
                            </reason>
                          </test-case>
                          <test-case name="OpenSim.Data.Tests.MySqlEstateTests.EstateTests`2.T012_EstateSettingsRandomStorage" executed="False" result="Ignored">
                            <reason>
                              <message><![CDATA[MySqlConnection is unable to connect to the database, ignoring tests]]></message>
                            </reason>
                          </test-case>
                          <test-case name="OpenSim.Data.Tests.MySqlEstateTests.EstateTests`2.T012_EstateSettingsSimpleStorage_AccurateParameterSet" executed="False" result="Ignored">
                            <reason>
                              <message><![CDATA[MySqlConnection is unable to connect to the database, ignoring tests]]></message>
                            </reason>
                          </test-case>
                          <test-case name="OpenSim.Data.Tests.MySqlEstateTests.EstateTests`2.T020_EstateSettingsManagerList" executed="False" result="Ignored">
                            <reason>
                              <message><![CDATA[MySqlConnection is unable to connect to the database, ignoring tests]]></message>
                            </reason>
                          </test-case>
                          <test-case name="OpenSim.Data.Tests.MySqlEstateTests.EstateTests`2.T021_EstateSettingsUserList" executed="False" result="Ignored">
                            <reason>
                              <message><![CDATA[MySqlConnection is unable to connect to the database, ignoring tests]]></message>
                            </reason>
                          </test-case>
                          <test-case name="OpenSim.Data.Tests.MySqlEstateTests.EstateTests`2.T022_EstateSettingsBanList" executed="False" result="Ignored">
                            <reason>
                              <message><![CDATA[MySqlConnection is unable to connect to the database, ignoring tests]]></message>
                            </reason>
                          </test-case>
                          <test-case name="OpenSim.Data.Tests.MySqlEstateTests.EstateTests`2.T022_EstateSettingsGroupList" executed="False" result="Ignored">
                            <reason>
                              <message><![CDATA[MySqlConnection is unable to connect to the database, ignoring tests]]></message>
                            </reason>
                          </test-case>
                        </results>
                      </test-suite>
                      <test-suite type="TestFixture" name="MySqlInventoryTests" description="Inventory store tests (MySQL)" executed="False" result="Ignored">
                        <reason>
                          <message><![CDATA[MySqlConnection is unable to connect to the database, ignoring tests]]></message>
                        </reason>
                        <results>
                          <test-case name="OpenSim.Data.Tests.MySqlInventoryTests.InventoryTests`2.T001_LoadEmpty" executed="False" result="Ignored">
                            <reason>
                              <message><![CDATA[MySqlConnection is unable to connect to the database, ignoring tests]]></message>
                            </reason>
                          </test-case>
                          <test-case name="OpenSim.Data.Tests.MySqlInventoryTests.InventoryTests`2.T010_FolderNonParent" executed="False" result="Ignored">
                            <reason>
                              <message><![CDATA[MySqlConnection is unable to connect to the database, ignoring tests]]></message>
                            </reason>
                          </test-case>
                          <test-case name="OpenSim.Data.Tests.MySqlInventoryTests.InventoryTests`2.T011_FolderCreate" executed="False" result="Ignored">
                            <reason>
                              <message><![CDATA[MySqlConnection is unable to connect to the database, ignoring tests]]></message>
                            </reason>
                          </test-case>
                          <test-case name="OpenSim.Data.Tests.MySqlInventoryTests.InventoryTests`2.T012_FolderList" executed="False" result="Ignored">
                            <reason>
                              <message><![CDATA[MySqlConnection is unable to connect to the database, ignoring tests]]></message>
                            </reason>
                          </test-case>
                          <test-case name="OpenSim.Data.Tests.MySqlInventoryTests.InventoryTests`2.T013_FolderHierarchy" executed="False" result="Ignored">
                            <reason>
                              <message><![CDATA[MySqlConnection is unable to connect to the database, ignoring tests]]></message>
                            </reason>
                          </test-case>
                          <test-case name="OpenSim.Data.Tests.MySqlInventoryTests.InventoryTests`2.T014_MoveFolder" executed="False" result="Ignored">
                            <reason>
                              <message><![CDATA[MySqlConnection is unable to connect to the database, ignoring tests]]></message>
                            </reason>
                          </test-case>
                          <test-case name="OpenSim.Data.Tests.MySqlInventoryTests.InventoryTests`2.T015_FolderHierarchy" executed="False" result="Ignored">
                            <reason>
                              <message><![CDATA[MySqlConnection is unable to connect to the database, ignoring tests]]></message>
                            </reason>
                          </test-case>
                          <test-case name="OpenSim.Data.Tests.MySqlInventoryTests.InventoryTests`2.T100_NoItems" executed="False" result="Ignored">
                            <reason>
                              <message><![CDATA[MySqlConnection is unable to connect to the database, ignoring tests]]></message>
                            </reason>
                          </test-case>
                          <test-case name="OpenSim.Data.Tests.MySqlInventoryTests.InventoryTests`2.T101_CreatItems" executed="False" result="Ignored">
                            <reason>
                              <message><![CDATA[MySqlConnection is unable to connect to the database, ignoring tests]]></message>
                            </reason>
                          </test-case>
                          <test-case name="OpenSim.Data.Tests.MySqlInventoryTests.InventoryTests`2.T102_CompareItems" executed="False" result="Ignored">
                            <reason>
                              <message><![CDATA[MySqlConnection is unable to connect to the database, ignoring tests]]></message>
                            </reason>
                          </test-case>
                          <test-case name="OpenSim.Data.Tests.MySqlInventoryTests.InventoryTests`2.T103_UpdateItem" executed="False" result="Ignored">
                            <reason>
                              <message><![CDATA[MySqlConnection is unable to connect to the database, ignoring tests]]></message>
                            </reason>
                          </test-case>
                          <test-case name="OpenSim.Data.Tests.MySqlInventoryTests.InventoryTests`2.T104_RandomUpdateItem" executed="False" result="Ignored">
                            <reason>
                              <message><![CDATA[MySqlConnection is unable to connect to the database, ignoring tests]]></message>
                            </reason>
                          </test-case>
                          <test-case name="OpenSim.Data.Tests.MySqlInventoryTests.InventoryTests`2.T999_StillNull" executed="False" result="Ignored">
                            <reason>
                              <message><![CDATA[MySqlConnection is unable to connect to the database, ignoring tests]]></message>
                            </reason>
                          </test-case>
                        </results>
                      </test-suite>
                      <test-suite type="TestFixture" name="MySqlRegionTests" description="Region store tests (MySQL)" executed="False" result="Ignored">
                        <reason>
                          <message><![CDATA[MySqlConnection is unable to connect to the database, ignoring tests]]></message>
                        </reason>
                        <results>
                          <test-case name="OpenSim.Data.Tests.MySqlRegionTests.RegionTests`2.T001_LoadEmpty" executed="False" result="Ignored">
                            <reason>
                              <message><![CDATA[MySqlConnection is unable to connect to the database, ignoring tests]]></message>
                            </reason>
                          </test-case>
                          <test-case name="OpenSim.Data.Tests.MySqlRegionTests.RegionTests`2.T010_StoreSimpleObject" executed="False" result="Ignored">
                            <reason>
                              <message><![CDATA[MySqlConnection is unable to connect to the database, ignoring tests]]></message>
                            </reason>
                          </test-case>
                          <test-case name="OpenSim.Data.Tests.MySqlRegionTests.RegionTests`2.T011_ObjectNames" executed="False" result="Ignored">
                            <reason>
                              <message><![CDATA[MySqlConnection is unable to connect to the database, ignoring tests]]></message>
                            </reason>
                          </test-case>
                          <test-case name="OpenSim.Data.Tests.MySqlRegionTests.RegionTests`2.T012_SceneParts" executed="False" result="Ignored">
                            <reason>
                              <message><![CDATA[MySqlConnection is unable to connect to the database, ignoring tests]]></message>
                            </reason>
                          </test-case>
                          <test-case name="OpenSim.Data.Tests.MySqlRegionTests.RegionTests`2.T013_DatabasePersistency" executed="False" result="Ignored">
                            <reason>
                              <message><![CDATA[MySqlConnection is unable to connect to the database, ignoring tests]]></message>
                            </reason>
                          </test-case>
                          <test-case name="OpenSim.Data.Tests.MySqlRegionTests.RegionTests`2.T014_UpdateObject" executed="False" result="Ignored">
                            <reason>
                              <message><![CDATA[MySqlConnection is unable to connect to the database, ignoring tests]]></message>
                            </reason>
                          </test-case>
                          <test-case name="OpenSim.Data.Tests.MySqlRegionTests.RegionTests`2.T015_LargeSceneObjects" executed="False" result="Ignored">
                            <reason>
                              <message><![CDATA[MySqlConnection is unable to connect to the database, ignoring tests]]></message>
                            </reason>
                          </test-case>
                          <test-case name="OpenSim.Data.Tests.MySqlRegionTests.RegionTests`2.T020_PrimInventoryEmpty" executed="False" result="Ignored">
                            <reason>
                              <message><![CDATA[MySqlConnection is unable to connect to the database, ignoring tests]]></message>
                            </reason>
                          </test-case>
                          <test-case name="OpenSim.Data.Tests.MySqlRegionTests.RegionTests`2.T021_PrimInventoryBasic" executed="False" result="Ignored">
                            <reason>
                              <message><![CDATA[MySqlConnection is unable to connect to the database, ignoring tests]]></message>
                            </reason>
                          </test-case>
                          <test-case name="OpenSim.Data.Tests.MySqlRegionTests.RegionTests`2.T025_PrimInventoryPersistency" executed="False" result="Ignored">
                            <reason>
                              <message><![CDATA[MySqlConnection is unable to connect to the database, ignoring tests]]></message>
                            </reason>
                          </test-case>
                          <test-case name="OpenSim.Data.Tests.MySqlRegionTests.RegionTests`2.T026_PrimInventoryMany" executed="False" result="Ignored">
                            <reason>
                              <message><![CDATA[MySqlConnection is unable to connect to the database, ignoring tests]]></message>
                            </reason>
                          </test-case>
                          <test-case name="OpenSim.Data.Tests.MySqlRegionTests.RegionTests`2.T052_RemoveObject" executed="False" result="Ignored">
                            <reason>
                              <message><![CDATA[MySqlConnection is unable to connect to the database, ignoring tests]]></message>
                            </reason>
                          </test-case>
                          <test-case name="OpenSim.Data.Tests.MySqlRegionTests.RegionTests`2.T100_DefaultRegionInfo" executed="False" result="Ignored">
                            <reason>
                              <message><![CDATA[MySqlConnection is unable to connect to the database, ignoring tests]]></message>
                            </reason>
                          </test-case>
                          <test-case name="OpenSim.Data.Tests.MySqlRegionTests.RegionTests`2.T101_UpdateRegionInfo" executed="False" result="Ignored">
                            <reason>
                              <message><![CDATA[MySqlConnection is unable to connect to the database, ignoring tests]]></message>
                            </reason>
                          </test-case>
                          <test-case name="OpenSim.Data.Tests.MySqlRegionTests.RegionTests`2.T300_NoTerrain" executed="False" result="Ignored">
                            <reason>
                              <message><![CDATA[MySqlConnection is unable to connect to the database, ignoring tests]]></message>
                            </reason>
                          </test-case>
                          <test-case name="OpenSim.Data.Tests.MySqlRegionTests.RegionTests`2.T301_CreateTerrain" executed="False" result="Ignored">
                            <reason>
                              <message><![CDATA[MySqlConnection is unable to connect to the database, ignoring tests]]></message>
                            </reason>
                          </test-case>
                          <test-case name="OpenSim.Data.Tests.MySqlRegionTests.RegionTests`2.T302_FetchTerrain" executed="False" result="Ignored">
                            <reason>
                              <message><![CDATA[MySqlConnection is unable to connect to the database, ignoring tests]]></message>
                            </reason>
                          </test-case>
                          <test-case name="OpenSim.Data.Tests.MySqlRegionTests.RegionTests`2.T303_UpdateTerrain" executed="False" result="Ignored">
                            <reason>
                              <message><![CDATA[MySqlConnection is unable to connect to the database, ignoring tests]]></message>
                            </reason>
                          </test-case>
                          <test-case name="OpenSim.Data.Tests.MySqlRegionTests.RegionTests`2.T400_EmptyLand" executed="False" result="Ignored">
                            <reason>
                              <message><![CDATA[MySqlConnection is unable to connect to the database, ignoring tests]]></message>
                            </reason>
                          </test-case>
                        </results>
                      </test-suite>
                      <test-suite type="TestFixture" name="PropertyCompareConstraintTest" executed="True" result="Success" success="True" time="0.063" asserts="0">
                        <results>
                          <test-case name="OpenSim.Data.Tests.PropertyCompareConstraintTest.AssetShouldMatch" executed="True" result="Success" success="True" time="0.034" asserts="1" />
                          <test-case name="OpenSim.Data.Tests.PropertyCompareConstraintTest.AssetShouldNotMatch" executed="True" result="Success" success="True" time="0.003" asserts="1" />
                          <test-case name="OpenSim.Data.Tests.PropertyCompareConstraintTest.AssetShouldNotMatch2" executed="True" result="Success" success="True" time="0.000" asserts="1" />
                          <test-case name="OpenSim.Data.Tests.PropertyCompareConstraintTest.ErrorsOutOnRecursive" executed="True" result="Success" success="True" time="0.001" asserts="1" />
                          <test-case name="OpenSim.Data.Tests.PropertyCompareConstraintTest.IntShouldIgnore" executed="True" result="Success" success="True" time="0.001" asserts="1" />
                          <test-case name="OpenSim.Data.Tests.PropertyCompareConstraintTest.IntShouldMatch" executed="True" result="Success" success="True" time="0.001" asserts="1" />
                          <test-case name="OpenSim.Data.Tests.PropertyCompareConstraintTest.IntShouldNotMatch" executed="True" result="Success" success="True" time="0.000" asserts="1" />
                          <test-case name="OpenSim.Data.Tests.PropertyCompareConstraintTest.ShouldCompareLists" executed="True" result="Success" success="True" time="0.002" asserts="1" />
                          <test-case name="OpenSim.Data.Tests.PropertyCompareConstraintTest.ShouldFailToCompareListsThatAreDifferent" executed="True" result="Success" success="True" time="0.000" asserts="1" />
                          <test-case name="OpenSim.Data.Tests.PropertyCompareConstraintTest.ShouldFailToCompareListsThatAreDifferentLengths" executed="True" result="Success" success="True" time="0.000" asserts="1" />
                          <test-case name="OpenSim.Data.Tests.PropertyCompareConstraintTest.TestColors" executed="True" result="Success" success="True" time="0.010" asserts="1" />
                          <test-case name="OpenSim.Data.Tests.PropertyCompareConstraintTest.UUIDShouldMatch" executed="True" result="Success" success="True" time="0.002" asserts="1" />
                          <test-case name="OpenSim.Data.Tests.PropertyCompareConstraintTest.UUIDShouldNotMatch" executed="True" result="Success" success="True" time="0.000" asserts="1" />
                        </results>
                      </test-suite>
                      <test-suite type="TestFixture" name="PropertyScramblerTests" executed="True" result="Success" success="True" time="0.009" asserts="0">
                        <results>
                          <test-case name="OpenSim.Data.Tests.PropertyScramblerTests.DontScramble" executed="True" result="Success" success="True" time="0.007" asserts="1" />
                          <test-case name="OpenSim.Data.Tests.PropertyScramblerTests.TestScramble" executed="True" result="Success" success="True" time="0.002" asserts="0" />
                        </results>
                      </test-suite>
                      <test-suite type="GenericFixture" name="RegionTests&lt;TConn,TRegStore&gt;" executed="False" result="NotRunnable">
                        <reason>
                          <message><![CDATA[Generic fixture has no type arguments provided]]></message>
                        </reason>
                      </test-suite>
                      <test-suite type="TestFixture" name="SQLiteAssetTests" description="Asset store tests (SQLite)" executed="True" result="Success" success="True" time="0.780" asserts="0">
                        <results>
                          <test-case name="OpenSim.Data.Tests.SQLiteAssetTests.AssetTests`2.T001_LoadEmpty" executed="True" result="Success" success="True" time="0.005" asserts="3" />
                          <test-case name="OpenSim.Data.Tests.SQLiteAssetTests.AssetTests`2.T010_StoreReadVerifyAssets" executed="True" result="Success" success="True" time="0.281" asserts="15" />
                          <test-case name="OpenSim.Data.Tests.SQLiteAssetTests.AssetTests`2.T020_CheckForWeirdCreatorID" executed="True" result="Success" success="True" time="0.130" asserts="3" />
                        </results>
                      </test-suite>
                      <test-suite type="TestFixture" name="SQLiteEstateTests" description="Estate store tests (SQLite)" executed="True" result="Success" success="True" time="2.090" asserts="0">
                        <results>
                          <test-case name="OpenSim.Data.Tests.SQLiteEstateTests.EstateTests`2.T010_EstateSettingsSimpleStorage_MinimumParameterSet" executed="True" result="Success" success="True" time="0.181" asserts="25" />
                          <test-case name="OpenSim.Data.Tests.SQLiteEstateTests.EstateTests`2.T011_EstateSettingsSimpleStorage_MaximumParameterSet" executed="True" result="Success" success="True" time="0.044" asserts="25" />
                          <test-case name="OpenSim.Data.Tests.SQLiteEstateTests.EstateTests`2.T012_EstateSettingsRandomStorage" executed="True" result="Success" success="True" time="0.059" asserts="1" />
                          <test-case name="OpenSim.Data.Tests.SQLiteEstateTests.EstateTests`2.T012_EstateSettingsSimpleStorage_AccurateParameterSet" executed="True" result="Success" success="True" time="0.049" asserts="25" />
                          <test-case name="OpenSim.Data.Tests.SQLiteEstateTests.EstateTests`2.T020_EstateSettingsManagerList" executed="True" result="Success" success="True" time="0.133" asserts="3" />
                          <test-case name="OpenSim.Data.Tests.SQLiteEstateTests.EstateTests`2.T021_EstateSettingsUserList" executed="True" result="Success" success="True" time="0.257" asserts="3" />
                          <test-case name="OpenSim.Data.Tests.SQLiteEstateTests.EstateTests`2.T022_EstateSettingsBanList" executed="True" result="Success" success="True" time="0.434" asserts="3" />
                          <test-case name="OpenSim.Data.Tests.SQLiteEstateTests.EstateTests`2.T022_EstateSettingsGroupList" executed="True" result="Success" success="True" time="0.507" asserts="3" />
                        </results>
                      </test-suite>
                      <test-suite type="TestFixture" name="SQLiteRegionTests" description="Region store tests (SQLite)" executed="True" result="Success" success="True" time="9.397" asserts="0">
                        <results>
                          <test-case name="OpenSim.Data.Tests.SQLiteRegionTests.RegionTests`2.T001_LoadEmpty" executed="True" result="Success" success="True" time="0.014" asserts="3" />
                          <test-case name="OpenSim.Data.Tests.SQLiteRegionTests.RegionTests`2.T010_StoreSimpleObject" executed="True" result="Success" success="True" time="0.522" asserts="1" />
                          <test-case name="OpenSim.Data.Tests.SQLiteRegionTests.RegionTests`2.T011_ObjectNames" executed="True" result="Success" success="True" time="0.004" asserts="4" />
                          <test-case name="OpenSim.Data.Tests.SQLiteRegionTests.RegionTests`2.T012_SceneParts" executed="True" result="Success" success="True" time="0.426" asserts="7" />
                          <test-case name="OpenSim.Data.Tests.SQLiteRegionTests.RegionTests`2.T013_DatabasePersistency" executed="True" result="Success" success="True" time="0.247" asserts="58" />
                          <test-case name="OpenSim.Data.Tests.SQLiteRegionTests.RegionTests`2.T014_UpdateObject" executed="True" result="Success" success="True" time="0.198" asserts="26" />
                          <test-case name="OpenSim.Data.Tests.SQLiteRegionTests.RegionTests`2.T015_LargeSceneObjects" executed="True" result="Success" success="True" time="3.921" asserts="180" />
                          <test-case name="OpenSim.Data.Tests.SQLiteRegionTests.RegionTests`2.T020_PrimInventoryEmpty" executed="True" result="Success" success="True" time="0.004" asserts="1" />
                          <test-case name="OpenSim.Data.Tests.SQLiteRegionTests.RegionTests`2.T021_PrimInventoryBasic" executed="True" result="Success" success="True" time="0.334" asserts="7" />
                          <test-case name="OpenSim.Data.Tests.SQLiteRegionTests.RegionTests`2.T025_PrimInventoryPersistency" executed="True" result="Success" success="True" time="0.003" asserts="18" />
                          <test-case name="OpenSim.Data.Tests.SQLiteRegionTests.RegionTests`2.T026_PrimInventoryMany" executed="True" result="Success" success="True" time="0.003" asserts="3" />
                          <test-case name="OpenSim.Data.Tests.SQLiteRegionTests.RegionTests`2.T052_RemoveObject" executed="True" result="Success" success="True" time="0.130" asserts="1" />
                          <test-case name="OpenSim.Data.Tests.SQLiteRegionTests.RegionTests`2.T100_DefaultRegionInfo" executed="True" result="Success" success="True" time="0.102" asserts="2" />
                          <test-case name="OpenSim.Data.Tests.SQLiteRegionTests.RegionTests`2.T101_UpdateRegionInfo" executed="True" result="Success" success="True" time="0.059" asserts="35" />
                          <test-case name="OpenSim.Data.Tests.SQLiteRegionTests.RegionTests`2.T300_NoTerrain" executed="True" result="Success" success="True" time="0.003" asserts="4" />
                          <test-case name="OpenSim.Data.Tests.SQLiteRegionTests.RegionTests`2.T301_CreateTerrain" executed="True" result="Success" success="True" time="1.088" asserts="4" />
                          <test-case name="OpenSim.Data.Tests.SQLiteRegionTests.RegionTests`2.T302_FetchTerrain" executed="True" result="Success" success="True" time="0.010" asserts="2" />
                          <test-case name="OpenSim.Data.Tests.SQLiteRegionTests.RegionTests`2.T303_UpdateTerrain" executed="True" result="Success" success="True" time="1.168" asserts="2" />
                          <test-case name="OpenSim.Data.Tests.SQLiteRegionTests.RegionTests`2.T400_EmptyLand" executed="True" result="Success" success="True" time="0.002" asserts="4" />
                        </results>
                      </test-suite>
                    </results>
                  </test-suite>
                </results>
              </test-suite>
            </results>
          </test-suite>
        </results>
      </test-suite>
      <test-suite type="Assembly" name="/home/jenkins/workspace/osCore2/bin/OpenSim.Framework.Serialization.Tests.dll" executed="True" result="Success" success="True" time="0.326" asserts="0">
        <results>
          <test-suite type="Namespace" name="OpenSim" executed="True" result="Success" success="True" time="0.321" asserts="0">
            <results>
              <test-suite type="Namespace" name="Framework" executed="True" result="Success" success="True" time="0.321" asserts="0">
                <results>
                  <test-suite type="Namespace" name="Serialization" executed="True" result="Success" success="True" time="0.320" asserts="0">
                    <results>
                      <test-suite type="Namespace" name="Tests" executed="True" result="Success" success="True" time="0.320" asserts="0">
                        <results>
                          <test-suite type="TestFixture" name="LandDataSerializerTest" executed="True" result="Success" success="True" time="0.310" asserts="0">
                            <results>
                              <test-case name="OpenSim.Framework.Serialization.Tests.LandDataSerializerTest.TestLandDataDeserializeNoAccessLists" executed="True" result="Success" success="True" time="0.301" asserts="19" />
                              <test-case name="OpenSim.Framework.Serialization.Tests.LandDataSerializerTest.TestLandDataDeserializeWithAccessLists" executed="True" result="Success" success="True" time="0.003" asserts="5" />
                            </results>
                          </test-suite>
                          <test-suite type="TestFixture" name="RegionSettingsSerializerTests" executed="True" result="Success" success="True" time="0.009" asserts="0">
                            <results>
                              <test-case name="OpenSim.Framework.Serialization.Tests.RegionSettingsSerializerTests.TestRegionSettingsDeserialize" executed="True" result="Success" success="True" time="0.009" asserts="6" />
                            </results>
                          </test-suite>
                        </results>
                      </test-suite>
                    </results>
                  </test-suite>
                </results>
              </test-suite>
            </results>
          </test-suite>
        </results>
      </test-suite>
      <test-suite type="Assembly" name="/home/jenkins/workspace/osCore2/bin/OpenSim.Framework.Servers.Tests.dll" executed="True" result="Success" success="True" time="0.052" asserts="0">
        <results>
          <test-suite type="Namespace" name="OpenSim" executed="True" result="Success" success="True" time="0.048" asserts="0">
            <results>
              <test-suite type="Namespace" name="Framework" executed="True" result="Success" success="True" time="0.047" asserts="0">
                <results>
                  <test-suite type="Namespace" name="Servers" executed="True" result="Success" success="True" time="0.047" asserts="0">
                    <results>
                      <test-suite type="Namespace" name="Tests" executed="True" result="Success" success="True" time="0.047" asserts="0">
                        <results>
                          <test-suite type="TestFixture" name="VersionInfoTests" executed="True" result="Success" success="True" time="0.047" asserts="0">
                            <results>
                              <test-case name="OpenSim.Framework.Servers.Tests.VersionInfoTests.TestGetVersionStringLength" executed="True" result="Success" success="True" time="0.041" asserts="8" />
                              <test-case name="OpenSim.Framework.Servers.Tests.VersionInfoTests.TestVersionLength" executed="True" result="Success" success="True" time="0.000" asserts="1" />
                            </results>
                          </test-suite>
                        </results>
                      </test-suite>
                    </results>
                  </test-suite>
                </results>
              </test-suite>
            </results>
          </test-suite>
        </results>
      </test-suite>
      <test-suite type="Assembly" name="/home/jenkins/workspace/osCore2/bin/OpenSim.Framework.Tests.dll" executed="True" result="Success" success="True" time="0.254" asserts="0">
        <results>
          <test-suite type="Namespace" name="OpenSim" executed="True" result="Success" success="True" time="0.249" asserts="0">
            <results>
              <test-suite type="Namespace" name="Framework" executed="True" result="Success" success="True" time="0.248" asserts="0">
                <results>
                  <test-suite type="Namespace" name="Tests" executed="True" result="Success" success="True" time="0.248" asserts="0">
                    <results>
                      <test-suite type="TestFixture" name="AgentCircuitDataTest" executed="True" result="Success" success="True" time="0.107" asserts="0">
                        <results>
                          <test-case name="OpenSim.Framework.Tests.AgentCircuitDataTest.HistoricalAgentCircuitDataOSDConversion" executed="True" result="Success" success="True" time="0.082" asserts="12" />
                          <test-case name="OpenSim.Framework.Tests.AgentCircuitDataTest.TestAgentCircuitDataOSDConversion" executed="True" result="Success" success="True" time="0.019" asserts="12" />
                        </results>
                      </test-suite>
                      <test-suite type="TestFixture" name="AgentCircuitManagerTests" executed="True" result="Success" success="True" time="0.007" asserts="0">
                        <results>
                          <test-case name="OpenSim.Framework.Tests.AgentCircuitManagerTests.AddAgentCircuitTest" executed="True" result="Success" success="True" time="0.004" asserts="12" />
                          <test-case name="OpenSim.Framework.Tests.AgentCircuitManagerTests.ChangeAgentCircuitCodeTest" executed="True" result="Success" success="True" time="0.001" asserts="3" />
                          <test-case name="OpenSim.Framework.Tests.AgentCircuitManagerTests.RemoveAgentCircuitTest" executed="True" result="Success" success="True" time="0.001" asserts="1" />
                          <test-case name="OpenSim.Framework.Tests.AgentCircuitManagerTests.ValidateLoginTest" executed="True" result="Success" success="True" time="0.001" asserts="6" />
                        </results>
                      </test-suite>
                      <test-suite type="TestFixture" name="AnimationTests" executed="True" result="Success" success="True" time="0.002" asserts="0">
                        <results>
                          <test-case name="OpenSim.Framework.Tests.AnimationTests.AnimationOSDTest" executed="True" result="Success" success="True" time="0.002" asserts="11" />
                        </results>
                      </test-suite>
                      <test-suite type="TestFixture" name="AssetBaseTest" executed="True" result="Success" success="True" time="0.012" asserts="0">
                        <results>
                          <test-case name="OpenSim.Framework.Tests.AssetBaseTest.TestContainsReferences" executed="True" result="Success" success="True" time="0.012" asserts="19" />
                        </results>
                      </test-suite>
                      <test-suite type="TestFixture" name="CacheTests" executed="True" result="Success" success="True" time="0.009" asserts="0">
                        <results>
                          <test-case name="OpenSim.Framework.Tests.CacheTests.CacheItemMundane" executed="True" result="Success" success="True" time="0.004" asserts="4" />
                          <test-case name="OpenSim.Framework.Tests.CacheTests.ClearCacheTest" executed="True" result="Success" success="True" time="0.001" asserts="1" />
                          <test-case name="OpenSim.Framework.Tests.CacheTests.ExpireItemManually" executed="True" result="Success" success="True" time="0.001" asserts="1" />
                          <test-case name="OpenSim.Framework.Tests.CacheTests.TestNotInCache" executed="True" result="Success" success="True" time="0.000" asserts="1" />
                          <test-case name="OpenSim.Framework.Tests.CacheTests.TestRetreive" executed="True" result="Success" success="True" time="0.000" asserts="2" />
                        </results>
                      </test-suite>
                      <test-suite type="TestFixture" name="LocationTest" executed="True" result="Success" success="True" time="0.002" asserts="0">
                        <results>
                          <test-case name="OpenSim.Framework.Tests.LocationTest.locationRegionHandleRegionHandle" executed="True" result="Success" success="True" time="0.001" asserts="2" />
                          <test-case name="OpenSim.Framework.Tests.LocationTest.locationXYRegionHandle" executed="True" result="Success" success="True" time="0.001" asserts="11" />
                        </results>
                      </test-suite>
                      <test-suite type="TestFixture" name="MundaneFrameworkTests" executed="True" result="Success" success="True" time="0.030" asserts="0">
                        <results>
                          <test-case name="OpenSim.Framework.Tests.MundaneFrameworkTests.AgentPositionTest01" executed="True" result="Success" success="True" time="0.004" asserts="14" />
                          <test-case name="OpenSim.Framework.Tests.MundaneFrameworkTests.AssetMetaDataNonNullContentTypeTest01" executed="True" result="Success" success="True" time="0.005" asserts="3" />
                          <test-case name="OpenSim.Framework.Tests.MundaneFrameworkTests.AsssetBaseConstructorTest01" executed="True" result="Success" success="True" time="0.007" asserts="8" />
                          <test-case name="OpenSim.Framework.Tests.MundaneFrameworkTests.ChildAgentDataUpdate01" executed="True" result="Success" success="True" time="0.000" asserts="1" />
                          <test-case name="OpenSim.Framework.Tests.MundaneFrameworkTests.CultureSetCultureTest01" executed="True" result="Success" success="True" time="0.000" asserts="1" />
                          <test-case name="OpenSim.Framework.Tests.MundaneFrameworkTests.EstateSettingsMundateTests" executed="True" result="Success" success="True" time="0.003" asserts="11" />
                          <test-case name="OpenSim.Framework.Tests.MundaneFrameworkTests.InventoryFolderBaseConstructorTest01" executed="True" result="Success" success="True" time="0.001" asserts="3" />
                          <test-case name="OpenSim.Framework.Tests.MundaneFrameworkTests.InventoryItemBaseConstructorTest01" executed="True" result="Success" success="True" time="0.001" asserts="6" />
                          <test-case name="OpenSim.Framework.Tests.MundaneFrameworkTests.RegionLightShareDataCloneSaveTest01" executed="True" result="Success" success="True" time="0.002" asserts="2" />
                          <test-case name="OpenSim.Framework.Tests.MundaneFrameworkTests.RegionSettingsTest01" executed="True" result="Success" success="True" time="0.001" asserts="1" />
                        </results>
                      </test-suite>
                      <test-suite type="TestFixture" name="PrimeNumberHelperTests" executed="True" result="Success" success="True" time="0.002" asserts="0">
                        <results>
                          <test-case name="OpenSim.Framework.Tests.PrimeNumberHelperTests.Test1000SmallPrimeNumbers" executed="True" result="Success" success="True" time="0.001" asserts="1101" />
                          <test-case name="OpenSim.Framework.Tests.PrimeNumberHelperTests.TestGetPrime" executed="True" result="Success" success="True" time="0.000" asserts="4" />
                        </results>
                      </test-suite>
                      <test-suite type="TestFixture" name="UtilTests" executed="True" result="Success" success="True" time="0.061" asserts="0">
                        <results>
                          <test-case name="OpenSim.Framework.Tests.UtilTests.FakeParcelIDTests" executed="True" result="Success" success="True" time="0.043" asserts="17" />
                          <test-case name="OpenSim.Framework.Tests.UtilTests.GetHashGuidTests" executed="True" result="Success" success="True" time="0.004" asserts="4" />
                          <test-case name="OpenSim.Framework.Tests.UtilTests.SLUtilTypeConvertTests" executed="True" result="Success" success="True" time="0.002" asserts="89" />
                          <test-case name="OpenSim.Framework.Tests.UtilTests.UUIDTests" executed="True" result="Success" success="True" time="0.007" asserts="5" />
                          <test-case name="OpenSim.Framework.Tests.UtilTests.VectorOperationTests" executed="True" result="Success" success="True" time="0.003" asserts="13" />
                        </results>
                      </test-suite>
                    </results>
                  </test-suite>
                </results>
              </test-suite>
            </results>
          </test-suite>
        </results>
      </test-suite>
      <test-suite type="Assembly" name="/home/jenkins/workspace/osCore2/bin/OpenSim.Region.ClientStack.LindenCaps.Tests.dll" executed="True" result="Success" success="True" time="2.140" asserts="0">
        <results>
          <test-suite type="Namespace" name="OpenSim" executed="True" result="Success" success="True" time="2.135" asserts="0">
            <results>
              <test-suite type="Namespace" name="Region" executed="True" result="Success" success="True" time="2.135" asserts="0">
                <results>
                  <test-suite type="Namespace" name="ClientStack" executed="True" result="Success" success="True" time="2.135" asserts="0">
                    <results>
                      <test-suite type="Namespace" name="Linden" executed="True" result="Success" success="True" time="2.135" asserts="0">
                        <results>
                          <test-suite type="Namespace" name="Tests" executed="True" result="Success" success="True" time="2.135" asserts="0">
                            <results>
                              <test-suite type="TestFixture" name="EventQueueTests" executed="True" result="Success" success="True" time="2.134" asserts="0">
                                <results>
                                  <test-case name="OpenSim.Region.ClientStack.Linden.Tests.EventQueueTests.TestAddForClient" executed="True" result="Success" success="True" time="0.989" asserts="1" />
                                  <test-case name="OpenSim.Region.ClientStack.Linden.Tests.EventQueueTests.TestEnqueueMessage" executed="True" result="Success" success="True" time="0.522" asserts="2" />
                                  <test-case name="OpenSim.Region.ClientStack.Linden.Tests.EventQueueTests.TestEnqueueMessageNoUser" executed="True" result="Success" success="True" time="0.037" asserts="1" />
                                  <test-case name="OpenSim.Region.ClientStack.Linden.Tests.EventQueueTests.TestEnqueueMessageToNpc" executed="True" result="Success" success="True" time="0.050" asserts="1" />
                                  <test-case name="OpenSim.Region.ClientStack.Linden.Tests.EventQueueTests.TestRemoveForClient" executed="True" result="Success" success="True" time="0.527" asserts="1" />
                                </results>
                              </test-suite>
                            </results>
                          </test-suite>
                        </results>
                      </test-suite>
                    </results>
                  </test-suite>
                </results>
              </test-suite>
            </results>
          </test-suite>
        </results>
      </test-suite>
      <test-suite type="Assembly" name="/home/jenkins/workspace/osCore2/bin/OpenSim.Region.ClientStack.LindenUDP.Tests.dll" executed="True" result="Success" success="True" time="0.486" asserts="0">
        <results>
          <test-suite type="Namespace" name="OpenSim" executed="True" result="Success" success="True" time="0.481" asserts="0">
            <results>
              <test-suite type="Namespace" name="Region" executed="True" result="Success" success="True" time="0.481" asserts="0">
                <results>
                  <test-suite type="Namespace" name="ClientStack" executed="True" result="Success" success="True" time="0.481" asserts="0">
                    <results>
                      <test-suite type="Namespace" name="LindenUDP" executed="True" result="Success" success="True" time="0.481" asserts="0">
                        <results>
                          <test-suite type="Namespace" name="Tests" executed="True" result="Success" success="True" time="0.481" asserts="0">
                            <results>
                              <test-suite type="TestFixture" name="BasicCircuitTests" executed="True" result="Inconclusive" success="False" time="0.067" asserts="0" />
                              <test-suite type="TestFixture" name="LLImageManagerTests" executed="True" result="Success" success="True" time="0.409" asserts="0">
                                <results>
                                  <test-case name="OpenSim.Region.ClientStack.LindenUDP.Tests.LLImageManagerTests.TestDiscardImage" executed="True" result="Success" success="True" time="0.370" asserts="1" />
                                  <test-case name="OpenSim.Region.ClientStack.LindenUDP.Tests.LLImageManagerTests.TestMissingImage" executed="True" result="Success" success="True" time="0.012" asserts="2" />
                                  <test-case name="OpenSim.Region.ClientStack.LindenUDP.Tests.LLImageManagerTests.TestSendImage" executed="True" result="Success" success="True" time="0.012" asserts="1" />
                                </results>
                              </test-suite>
                              <test-suite type="TestFixture" name="PacketHandlerTests" executed="True" result="Inconclusive" success="False" time="0.000" asserts="0" />
                            </results>
                          </test-suite>
                        </results>
                      </test-suite>
                    </results>
                  </test-suite>
                </results>
              </test-suite>
            </results>
          </test-suite>
        </results>
      </test-suite>
      <test-suite type="Assembly" name="/home/jenkins/workspace/osCore2/bin/OpenSim.Region.CoreModules.Tests.dll" executed="True" result="Success" success="True" time="46.968" asserts="0">
        <results>
          <test-suite type="Namespace" name="OpenSim" executed="True" result="Success" success="True" time="46.963" asserts="0">
            <results>
              <test-suite type="Namespace" name="Region" executed="True" result="Success" success="True" time="46.963" asserts="0">
                <results>
                  <test-suite type="Namespace" name="CoreModules" executed="True" result="Success" success="True" time="46.963" asserts="0">
                    <results>
                      <test-suite type="Namespace" name="Asset" executed="True" result="Success" success="True" time="0.405" asserts="0">
                        <results>
                          <test-suite type="Namespace" name="Tests" executed="True" result="Success" success="True" time="0.405" asserts="0">
                            <results>
                              <test-suite type="TestFixture" name="FlotsamAssetCacheTests" executed="True" result="Success" success="True" time="0.404" asserts="0">
                                <results>
                                  <test-case name="OpenSim.Region.CoreModules.Asset.Tests.FlotsamAssetCacheTests.TestCacheAsset" executed="True" result="Success" success="True" time="0.378" asserts="3" />
                                  <test-case name="OpenSim.Region.CoreModules.Asset.Tests.FlotsamAssetCacheTests.TestClearCache" executed="True" result="Success" success="True" time="0.011" asserts="1" />
                                  <test-case name="OpenSim.Region.CoreModules.Asset.Tests.FlotsamAssetCacheTests.TestExpireAsset" executed="True" result="Success" success="True" time="0.009" asserts="1" />
                                </results>
                              </test-suite>
                            </results>
                          </test-suite>
                        </results>
                      </test-suite>
                      <test-suite type="Namespace" name="Avatar" executed="True" result="Success" success="True" time="42.564" asserts="0">
                        <results>
                          <test-suite type="Namespace" name="AvatarFactory" executed="True" result="Success" success="True" time="1.638" asserts="0">
                            <results>
                              <test-suite type="TestFixture" name="AvatarFactoryModuleTests" executed="True" result="Success" success="True" time="1.638" asserts="0">
                                <results>
                                  <test-case name="OpenSim.Region.CoreModules.Avatar.AvatarFactory.AvatarFactoryModuleTests.TestSaveBakedTextures" executed="True" result="Success" success="True" time="0.615" asserts="3" />
                                  <test-case name="OpenSim.Region.CoreModules.Avatar.AvatarFactory.AvatarFactoryModuleTests.TestSetAppearance" executed="True" result="Success" success="True" time="0.512" asserts="4" />
                                  <test-case name="OpenSim.Region.CoreModules.Avatar.AvatarFactory.AvatarFactoryModuleTests.TestSetAppearanceAlphaBakedTextures" executed="True" result="Success" success="True" time="0.510" asserts="1" />
                                </results>
                              </test-suite>
                            </results>
                          </test-suite>
                          <test-suite type="Namespace" name="Chat" executed="True" result="Success" success="True" time="30.708" asserts="0">
                            <results>
                              <test-suite type="Namespace" name="Tests" executed="True" result="Success" success="True" time="30.708" asserts="0">
                                <results>
                                  <test-suite type="TestFixture" name="ChatModuleTests" executed="True" result="Success" success="True" time="30.708" asserts="0">
                                    <results>
                                      <test-case name="OpenSim.Region.CoreModules.Avatar.Chat.Tests.ChatModuleTests.TestInterRegionChatDistanceEastWest" executed="True" result="Success" success="True" time="15.377" asserts="7" />
                                      <test-case name="OpenSim.Region.CoreModules.Avatar.Chat.Tests.ChatModuleTests.TestInterRegionChatDistanceNorthSouth" executed="True" result="Success" success="True" time="15.330" asserts="7" />
                                    </results>
                                  </test-suite>
                                </results>
                              </test-suite>
                            </results>
                          </test-suite>
                          <test-suite type="Namespace" name="Friends" executed="True" result="Success" success="True" time="5.591" asserts="0">
                            <results>
                              <test-suite type="Namespace" name="Tests" executed="True" result="Success" success="True" time="5.591" asserts="0">
                                <results>
                                  <test-suite type="TestFixture" name="FriendsModuleTests" executed="True" result="Success" success="True" time="5.591" asserts="0">
                                    <results>
                                      <test-case name="OpenSim.Region.CoreModules.Avatar.Friends.Tests.FriendsModuleTests.TestAddFriendshipWhileOnline" executed="True" result="Success" success="True" time="1.024" asserts="2" />
                                      <test-case name="OpenSim.Region.CoreModules.Avatar.Friends.Tests.FriendsModuleTests.TestLoginWithNoFriends" executed="True" result="Success" success="True" time="0.509" asserts="2" />
                                      <test-case name="OpenSim.Region.CoreModules.Avatar.Friends.Tests.FriendsModuleTests.TestLoginWithOfflineFriends" executed="True" result="Success" success="True" time="1.527" asserts="2" />
                                      <test-case name="OpenSim.Region.CoreModules.Avatar.Friends.Tests.FriendsModuleTests.TestLoginWithOnlineFriends" executed="True" result="Success" success="True" time="1.514" asserts="2" />
                                      <test-case name="OpenSim.Region.CoreModules.Avatar.Friends.Tests.FriendsModuleTests.TestRemoveFriendshipWhileOnline" executed="True" result="Success" success="True" time="1.013" asserts="2" />
                                    </results>
                                  </test-suite>
                                </results>
                              </test-suite>
                            </results>
                          </test-suite>
                          <test-suite type="Namespace" name="Inventory" executed="True" result="Success" success="True" time="4.616" asserts="0">
                            <results>
                              <test-suite type="Namespace" name="Archiver" executed="True" result="Success" success="True" time="0.514" asserts="0">
                                <results>
                                  <test-suite type="Namespace" name="Tests" executed="True" result="Success" success="True" time="0.514" asserts="0">
                                    <results>
                                      <test-suite type="TestFixture" name="InventoryArchiveLoadPathTests" executed="True" result="Success" success="True" time="0.321" asserts="0">
                                        <results>
                                          <test-case name="OpenSim.Region.CoreModules.Avatar.Inventory.Archiver.Tests.InventoryArchiveLoadPathTests.TestLoadIarPathStartsWithSlash" executed="True" result="Success" success="True" time="0.040" asserts="1" />
                                          <test-case name="OpenSim.Region.CoreModules.Avatar.Inventory.Archiver.Tests.InventoryArchiveLoadPathTests.TestLoadIarPathWithEscapedChars" executed="True" result="Success" success="True" time="0.029" asserts="2" />
                                          <test-case name="OpenSim.Region.CoreModules.Avatar.Inventory.Archiver.Tests.InventoryArchiveLoadPathTests.TestLoadIarToInventoryPaths" executed="True" result="Success" success="True" time="0.041" asserts="3" />
                                          <test-case name="OpenSim.Region.CoreModules.Avatar.Inventory.Archiver.Tests.InventoryArchiveLoadPathTests.TestMergeIarPath" executed="True" result="Success" success="True" time="0.013" asserts="3" />
                                          <test-case name="OpenSim.Region.CoreModules.Avatar.Inventory.Archiver.Tests.InventoryArchiveLoadPathTests.TestNewIarPath" executed="True" result="Success" success="True" time="0.014" asserts="5" />
                                          <test-case name="OpenSim.Region.CoreModules.Avatar.Inventory.Archiver.Tests.InventoryArchiveLoadPathTests.TestPartExistingIarPath" executed="True" result="Success" success="True" time="0.021" asserts="2" />
                                        </results>
                                      </test-suite>
                                      <test-suite type="TestFixture" name="InventoryArchiveLoadTests" executed="True" result="Success" success="True" time="0.072" asserts="0">
                                        <results>
                                          <test-case name="OpenSim.Region.CoreModules.Avatar.Inventory.Archiver.Tests.InventoryArchiveLoadTests.TestLoadCoalesecedItem" executed="True" result="Success" success="True" time="0.017" asserts="7" />
                                          <test-case name="OpenSim.Region.CoreModules.Avatar.Inventory.Archiver.Tests.InventoryArchiveLoadTests.TestLoadIarCreatorAccountPresent" executed="True" result="Success" success="True" time="0.015" asserts="4" />
                                          <test-case name="OpenSim.Region.CoreModules.Avatar.Inventory.Archiver.Tests.InventoryArchiveLoadTests.TestLoadIarV0_1AbsentCreator" executed="True" result="Success" success="True" time="0.015" asserts="4" />
                                        </results>
                                      </test-suite>
                                      <test-suite type="TestFixture" name="InventoryArchiveSaveTests" executed="True" result="Success" success="True" time="0.093" asserts="0">
                                        <results>
                                          <test-case name="OpenSim.Region.CoreModules.Avatar.Inventory.Archiver.Tests.InventoryArchiveSaveTests.TestOrder" executed="True" result="Success" success="True" time="0.010" asserts="2" />
                                          <test-case name="OpenSim.Region.CoreModules.Avatar.Inventory.Archiver.Tests.InventoryArchiveSaveTests.TestSaveItemToIar" executed="True" result="Success" success="True" time="0.012" asserts="2" />
                                          <test-case name="OpenSim.Region.CoreModules.Avatar.Inventory.Archiver.Tests.InventoryArchiveSaveTests.TestSaveItemToIarNoAssets" executed="True" result="Success" success="True" time="0.012" asserts="2" />
                                          <test-case name="OpenSim.Region.CoreModules.Avatar.Inventory.Archiver.Tests.InventoryArchiveSaveTests.TestSaveNonRootFolderToIar" executed="True" result="Success" success="True" time="0.015" asserts="4" />
                                          <test-case name="OpenSim.Region.CoreModules.Avatar.Inventory.Archiver.Tests.InventoryArchiveSaveTests.TestSaveRootFolderToIar" executed="True" result="Success" success="True" time="0.026" asserts="1" />
                                        </results>
                                      </test-suite>
                                      <test-suite type="TestFixture" name="InventoryArchiveTestCase" executed="True" result="Inconclusive" success="False" time="0.022" asserts="0" />
                                    </results>
                                  </test-suite>
                                </results>
                              </test-suite>
                              <test-suite type="Namespace" name="Transfer" executed="True" result="Success" success="True" time="4.092" asserts="0">
                                <results>
                                  <test-suite type="Namespace" name="Tests" executed="True" result="Success" success="True" time="4.092" asserts="0">
                                    <results>
                                      <test-suite type="TestFixture" name="InventoryTransferModuleTests" executed="True" result="Success" success="True" time="4.092" asserts="0">
                                        <results>
                                          <test-case name="OpenSim.Region.CoreModules.Avatar.Inventory.Transfer.Tests.InventoryTransferModuleTests.TestAcceptGivenFolder" executed="True" result="Success" success="True" time="1.023" asserts="5" />
                                          <test-case name="OpenSim.Region.CoreModules.Avatar.Inventory.Transfer.Tests.InventoryTransferModuleTests.TestAcceptGivenItem" executed="True" result="Success" success="True" time="1.021" asserts="5" />
                                          <test-case name="OpenSim.Region.CoreModules.Avatar.Inventory.Transfer.Tests.InventoryTransferModuleTests.TestRejectGivenFolder" executed="True" result="Success" success="True" time="1.027" asserts="6" />
                                          <test-case name="OpenSim.Region.CoreModules.Avatar.Inventory.Transfer.Tests.InventoryTransferModuleTests.TestRejectGivenItem" executed="True" result="Success" success="True" time="1.018" asserts="6" />
                                        </results>
                                      </test-suite>
                                    </results>
                                  </test-suite>
                                </results>
                              </test-suite>
                            </results>
                          </test-suite>
                        </results>
                      </test-suite>
                      <test-suite type="Namespace" name="Framework" executed="True" result="Success" success="True" time="1.177" asserts="0">
                        <results>
                          <test-suite type="Namespace" name="InventoryAccess" executed="True" result="Success" success="True" time="0.635" asserts="0">
                            <results>
                              <test-suite type="Namespace" name="Tests" executed="True" result="Success" success="True" time="0.635" asserts="0">
                                <results>
                                  <test-suite type="TestFixture" name="HGAssetMapperTests" executed="True" result="Success" success="True" time="0.603" asserts="0">
                                    <results>
                                      <test-case name="OpenSim.Region.CoreModules.Framework.InventoryAccess.Tests.HGAssetMapperTests.TestPostAssetRewrite" executed="True" result="Success" success="True" time="0.603" asserts="9" />
                                    </results>
                                  </test-suite>
                                  <test-suite type="TestFixture" name="InventoryAccessModuleTests" executed="True" result="Success" success="True" time="0.030" asserts="0">
                                    <results>
                                      <test-case name="OpenSim.Region.CoreModules.Framework.InventoryAccess.Tests.InventoryAccessModuleTests.TestRezCoalescedObject" executed="True" result="Success" success="True" time="0.009" asserts="0" />
                                      <test-case name="OpenSim.Region.CoreModules.Framework.InventoryAccess.Tests.InventoryAccessModuleTests.TestRezObject" executed="True" result="Success" success="True" time="0.020" asserts="2" />
                                    </results>
                                  </test-suite>
                                </results>
                              </test-suite>
                            </results>
                          </test-suite>
                          <test-suite type="Namespace" name="UserManagement" executed="True" result="Success" success="True" time="0.537" asserts="0">
                            <results>
                              <test-suite type="Namespace" name="Tests" executed="True" result="Success" success="True" time="0.537" asserts="0">
                                <results>
                                  <test-suite type="TestFixture" name="HGUserManagementModuleTests" executed="True" result="Success" success="True" time="0.537" asserts="0">
                                    <results>
                                      <test-case name="OpenSim.Region.CoreModules.Framework.UserManagement.Tests.HGUserManagementModuleTests.TestCachedUserNameForNewAgent" executed="True" result="Success" success="True" time="0.536" asserts="1" />
                                    </results>
                                  </test-suite>
                                </results>
                              </test-suite>
                            </results>
                          </test-suite>
                        </results>
                      </test-suite>
                      <test-suite type="Namespace" name="Scripting" executed="True" result="Success" success="True" time="1.095" asserts="0">
                        <results>
                          <test-suite type="Namespace" name="HttpRequest" executed="True" result="Inconclusive" success="False" time="0.001" asserts="0">
                            <results>
                              <test-suite type="Namespace" name="Tests" executed="True" result="Inconclusive" success="False" time="0.000" asserts="0">
                                <results>
                                  <test-suite type="TestFixture" name="ScriptsHttpRequestsTests" executed="True" result="Inconclusive" success="False" time="0.000" asserts="0" />
                                </results>
                              </test-suite>
                            </results>
                          </test-suite>
                          <test-suite type="Namespace" name="VectorRender" executed="True" result="Success" success="True" time="1.093" asserts="0">
                            <results>
                              <test-suite type="Namespace" name="Tests" executed="True" result="Success" success="True" time="1.093" asserts="0">
                                <results>
                                  <test-suite type="TestFixture" name="VectorRenderModuleTests" executed="True" result="Success" success="True" time="1.093" asserts="0">
                                    <results>
                                      <test-case name="OpenSim.Region.CoreModules.Scripting.VectorRender.Tests.VectorRenderModuleTests.TestDraw" executed="True" result="Success" success="True" time="0.067" asserts="1" />
                                      <test-case name="OpenSim.Region.CoreModules.Scripting.VectorRender.Tests.VectorRenderModuleTests.TestDrawReusingTexture" executed="True" result="Success" success="True" time="0.036" asserts="1" />
                                      <test-case name="OpenSim.Region.CoreModules.Scripting.VectorRender.Tests.VectorRenderModuleTests.TestRepeatSameDraw" executed="True" result="Success" success="True" time="0.060" asserts="1" />
                                      <test-case name="OpenSim.Region.CoreModules.Scripting.VectorRender.Tests.VectorRenderModuleTests.TestRepeatSameDrawContainingImage" executed="True" result="Success" success="True" time="0.138" asserts="1" />
                                      <test-case name="OpenSim.Region.CoreModules.Scripting.VectorRender.Tests.VectorRenderModuleTests.TestRepeatSameDrawContainingImageReusingTexture" executed="True" result="Success" success="True" time="0.063" asserts="1" />
                                      <test-case name="OpenSim.Region.CoreModules.Scripting.VectorRender.Tests.VectorRenderModuleTests.TestRepeatSameDrawDifferentExtraParams" executed="True" result="Success" success="True" time="0.067" asserts="1" />
                                      <test-case name="OpenSim.Region.CoreModules.Scripting.VectorRender.Tests.VectorRenderModuleTests.TestRepeatSameDrawDifferentExtraParamsReusingTexture" executed="True" result="Success" success="True" time="0.061" asserts="1" />
                                      <test-case name="OpenSim.Region.CoreModules.Scripting.VectorRender.Tests.VectorRenderModuleTests.TestRepeatSameDrawLowDataTexture" executed="True" result="Success" success="True" time="0.560" asserts="1" />
                                      <test-case name="OpenSim.Region.CoreModules.Scripting.VectorRender.Tests.VectorRenderModuleTests.TestRepeatSameDrawReusingTexture" executed="True" result="Success" success="True" time="0.034" asserts="1" />
                                    </results>
                                  </test-suite>
                                </results>
                              </test-suite>
                            </results>
                          </test-suite>
                        </results>
                      </test-suite>
                      <test-suite type="Namespace" name="ServiceConnectorsOut" executed="True" result="Success" success="True" time="0.040" asserts="0">
                        <results>
                          <test-suite type="Namespace" name="Asset" executed="True" result="Success" success="True" time="0.010" asserts="0">
                            <results>
                              <test-suite type="Namespace" name="Tests" executed="True" result="Success" success="True" time="0.010" asserts="0">
                                <results>
                                  <test-suite type="TestFixture" name="AssetConnectorTests" executed="True" result="Success" success="True" time="0.010" asserts="0">
                                    <results>
                                      <test-case name="OpenSim.Region.CoreModules.ServiceConnectorsOut.Asset.Tests.AssetConnectorTests.TestAddAsset" executed="True" result="Success" success="True" time="0.003" asserts="5" />
                                      <test-case name="OpenSim.Region.CoreModules.ServiceConnectorsOut.Asset.Tests.AssetConnectorTests.TestAddLocalAsset" executed="True" result="Success" success="True" time="0.003" asserts="3" />
                                      <test-case name="OpenSim.Region.CoreModules.ServiceConnectorsOut.Asset.Tests.AssetConnectorTests.TestAddTemporaryLocalAsset" executed="True" result="Success" success="True" time="0.003" asserts="3" />
                                    </results>
                                  </test-suite>
                                </results>
                              </test-suite>
                            </results>
                          </test-suite>
                          <test-suite type="Namespace" name="Grid" executed="True" result="Success" success="True" time="0.016" asserts="0">
                            <results>
                              <test-suite type="Namespace" name="Tests" executed="True" result="Success" success="True" time="0.015" asserts="0">
                                <results>
                                  <test-suite type="TestFixture" name="GridConnectorsTests" executed="True" result="Success" success="True" time="0.015" asserts="0">
                                    <results>
                                      <test-case name="OpenSim.Region.CoreModules.ServiceConnectorsOut.Grid.Tests.GridConnectorsTests.TestRegisterRegion" executed="True" result="Success" success="True" time="0.015" asserts="39" />
                                    </results>
                                  </test-suite>
                                </results>
                              </test-suite>
                            </results>
                          </test-suite>
                          <test-suite type="Namespace" name="Presence" executed="True" result="Success" success="True" time="0.007" asserts="0">
                            <results>
                              <test-suite type="Namespace" name="Tests" executed="True" result="Success" success="True" time="0.006" asserts="0">
                                <results>
                                  <test-suite type="TestFixture" name="PresenceConnectorsTests" executed="True" result="Success" success="True" time="0.006" asserts="0">
                                    <results>
                                      <test-case name="OpenSim.Region.CoreModules.ServiceConnectorsOut.Presence.Tests.PresenceConnectorsTests.TestPresenceV0_1" executed="True" result="Success" success="True" time="0.006" asserts="9" />
                                    </results>
                                  </test-suite>
                                </results>
                              </test-suite>
                            </results>
                          </test-suite>
                        </results>
                      </test-suite>
                      <test-suite type="Namespace" name="Terrain" executed="True" result="Success" success="True" time="0.033" asserts="0">
                        <results>
                          <test-suite type="Namespace" name="Tests" executed="True" result="Success" success="True" time="0.033" asserts="0">
                            <results>
                              <test-suite type="TestFixture" name="TerrainModuleTests" executed="True" result="Success" success="True" time="0.032" asserts="0">
                                <results>
                                  <test-case name="OpenSim.Region.CoreModules.Terrain.Tests.TerrainModuleTests.TestTerrainFill" executed="True" result="Success" success="True" time="0.032" asserts="2" />
                                </results>
                              </test-suite>
                            </results>
                          </test-suite>
                        </results>
                      </test-suite>
                      <test-suite type="Namespace" name="World" executed="True" result="Success" success="True" time="1.589" asserts="0">
                        <results>
                          <test-suite type="Namespace" name="Archiver" executed="True" result="Success" success="True" time="1.211" asserts="0">
                            <results>
                              <test-suite type="Namespace" name="Tests" executed="True" result="Success" success="True" time="1.211" asserts="0">
                                <results>
                                  <test-suite type="TestFixture" name="ArchiverTests" executed="True" result="Success" success="True" time="1.211" asserts="0">
                                    <results>
                                      <test-case name="OpenSim.Region.CoreModules.World.Archiver.Tests.ArchiverTests.TestLoadMultiRegionOar" executed="True" result="Success" success="True" time="0.760" asserts="14" />
                                      <test-case name="OpenSim.Region.CoreModules.World.Archiver.Tests.ArchiverTests.TestLoadOar" executed="True" result="Success" success="True" time="0.170" asserts="13" />
                                      <test-case name="OpenSim.Region.CoreModules.World.Archiver.Tests.ArchiverTests.TestLoadOarDeededLand" executed="True" result="Success" success="True" time="0.049" asserts="4" />
                                      <test-case name="OpenSim.Region.CoreModules.World.Archiver.Tests.ArchiverTests.TestLoadOarRegionSettings" executed="True" result="Success" success="True" time="0.025" asserts="33" />
                                      <test-case name="OpenSim.Region.CoreModules.World.Archiver.Tests.ArchiverTests.TestLoadOarUnorderedParts" executed="True" result="Success" success="True" time="0.015" asserts="3" />
                                      <test-case name="OpenSim.Region.CoreModules.World.Archiver.Tests.ArchiverTests.TestLoadPublishedOar" executed="True" result="Success" success="True" time="0.055" asserts="4" />
                                      <test-case name="OpenSim.Region.CoreModules.World.Archiver.Tests.ArchiverTests.TestSaveMultiRegionOar" executed="True" result="Success" success="True" time="0.082" asserts="49" />
                                      <test-case name="OpenSim.Region.CoreModules.World.Archiver.Tests.ArchiverTests.TestSaveOar" executed="True" result="Success" success="True" time="0.024" asserts="6" />
                                      <test-case name="OpenSim.Region.CoreModules.World.Archiver.Tests.ArchiverTests.TestSaveOarNoAssets" executed="True" result="Success" success="True" time="0.025" asserts="4" />
                                    </results>
                                  </test-suite>
                                </results>
                              </test-suite>
                            </results>
                          </test-suite>
                          <test-suite type="Namespace" name="Land" executed="True" result="Success" success="True" time="0.220" asserts="0">
                            <results>
                              <test-suite type="Namespace" name="Tests" executed="True" result="Success" success="True" time="0.220" asserts="0">
                                <results>
                                  <test-suite type="TestFixture" name="LandManagementModuleTests" executed="True" result="Success" success="True" time="0.079" asserts="0">
                                    <results>
                                      <test-case name="OpenSim.Region.CoreModules.World.Land.Tests.LandManagementModuleTests.TestAddLandObject" executed="True" result="Success" success="True" time="0.011" asserts="4" />
                                      <test-case name="OpenSim.Region.CoreModules.World.Land.Tests.LandManagementModuleTests.TestLoad" executed="True" result="Success" success="True" time="0.013" asserts="4" />
                                      <test-case name="OpenSim.Region.CoreModules.World.Land.Tests.LandManagementModuleTests.TestLoadWithMultiplePartialCoveringParcels" executed="True" result="Success" success="True" time="0.012" asserts="8" />
                                      <test-case name="OpenSim.Region.CoreModules.World.Land.Tests.LandManagementModuleTests.TestLoadWithNoParcels" executed="True" result="Success" success="True" time="0.014" asserts="4" />
                                      <test-case name="OpenSim.Region.CoreModules.World.Land.Tests.LandManagementModuleTests.TestLoadWithSinglePartialCoveringParcel" executed="True" result="Success" success="True" time="0.012" asserts="4" />
                                      <test-case name="OpenSim.Region.CoreModules.World.Land.Tests.LandManagementModuleTests.TestSubdivide" executed="True" result="Success" success="True" time="0.015" asserts="4" />
                                    </results>
                                  </test-suite>
                                  <test-suite type="TestFixture" name="PrimCountModuleTests" executed="True" result="Success" success="True" time="0.138" asserts="0">
                                    <results>
                                      <test-case name="OpenSim.Region.CoreModules.World.Land.Tests.PrimCountModuleTests.TestAddGroupObject" executed="True" result="Success" success="True" time="0.023" asserts="9" />
                                      <test-case name="OpenSim.Region.CoreModules.World.Land.Tests.PrimCountModuleTests.TestAddOthersObject" executed="True" result="Success" success="True" time="0.011" asserts="8" />
                                      <test-case name="OpenSim.Region.CoreModules.World.Land.Tests.PrimCountModuleTests.TestAddOwnerObject" executed="True" result="Success" success="True" time="0.012" asserts="16" />
                                      <test-case name="OpenSim.Region.CoreModules.World.Land.Tests.PrimCountModuleTests.TestCopyOwnerObject" executed="True" result="Success" success="True" time="0.019" asserts="8" />
                                      <test-case name="OpenSim.Region.CoreModules.World.Land.Tests.PrimCountModuleTests.TestInitialCounts" executed="True" result="Success" success="True" time="0.009" asserts="8" />
                                      <test-case name="OpenSim.Region.CoreModules.World.Land.Tests.PrimCountModuleTests.TestMoveOwnerObject" executed="True" result="Success" success="True" time="0.012" asserts="32" />
                                      <test-case name="OpenSim.Region.CoreModules.World.Land.Tests.PrimCountModuleTests.TestRemoveGroupObject" executed="True" result="Success" success="True" time="0.012" asserts="9" />
                                      <test-case name="OpenSim.Region.CoreModules.World.Land.Tests.PrimCountModuleTests.TestRemoveOthersObject" executed="True" result="Success" success="True" time="0.011" asserts="8" />
                                      <test-case name="OpenSim.Region.CoreModules.World.Land.Tests.PrimCountModuleTests.TestRemoveOwnerObject" executed="True" result="Success" success="True" time="0.011" asserts="8" />
                                      <test-case name="OpenSim.Region.CoreModules.World.Land.Tests.PrimCountModuleTests.TestTaint" executed="True" result="Success" success="True" time="0.014" asserts="8" />
                                    </results>
                                  </test-suite>
                                </results>
                              </test-suite>
                            </results>
                          </test-suite>
                          <test-suite type="Namespace" name="Media" executed="True" result="Success" success="True" time="0.036" asserts="0">
                            <results>
                              <test-suite type="Namespace" name="Moap" executed="True" result="Success" success="True" time="0.036" asserts="0">
                                <results>
                                  <test-suite type="Namespace" name="Tests" executed="True" result="Success" success="True" time="0.036" asserts="0">
                                    <results>
                                      <test-suite type="TestFixture" name="MoapTests" executed="True" result="Success" success="True" time="0.035" asserts="0">
                                        <results>
                                          <test-case name="OpenSim.Region.CoreModules.World.Media.Moap.Tests.MoapTests.TestClearMediaUrl" executed="True" result="Success" success="True" time="0.013" asserts="3" />
                                          <test-case name="OpenSim.Region.CoreModules.World.Media.Moap.Tests.MoapTests.TestSetMediaUrl" executed="True" result="Success" success="True" time="0.022" asserts="3" />
                                        </results>
                                      </test-suite>
                                    </results>
                                  </test-suite>
                                </results>
                              </test-suite>
                            </results>
                          </test-suite>
                          <test-suite type="Namespace" name="Serialiser" executed="True" result="Success" success="True" time="0.070" asserts="0">
                            <results>
                              <test-suite type="Namespace" name="Tests" executed="True" result="Success" success="True" time="0.070" asserts="0">
                                <results>
                                  <test-suite type="TestFixture" name="SerialiserTests" executed="True" result="Success" success="True" time="0.070" asserts="0">
                                    <results>
                                      <test-case name="OpenSim.Region.CoreModules.World.Serialiser.Tests.SerialiserTests.TestDeserializeBadFloatsXml" executed="True" result="Success" success="True" time="0.019" asserts="7" />
                                      <test-case name="OpenSim.Region.CoreModules.World.Serialiser.Tests.SerialiserTests.TestDeserializeXml2" executed="True" result="Success" success="True" time="0.008" asserts="4" />
                                      <test-case name="OpenSim.Region.CoreModules.World.Serialiser.Tests.SerialiserTests.TestDeserializeXmlObjectWithNoOtherParts" executed="True" result="Success" success="True" time="0.015" asserts="4" />
                                      <test-case name="OpenSim.Region.CoreModules.World.Serialiser.Tests.SerialiserTests.TestDeserializeXmlObjectWithOtherParts" executed="True" result="Success" success="True" time="0.006" asserts="11" />
                                      <test-case name="OpenSim.Region.CoreModules.World.Serialiser.Tests.SerialiserTests.TestSerializeXml" executed="True" result="Success" success="True" time="0.007" asserts="5" />
                                      <test-case name="OpenSim.Region.CoreModules.World.Serialiser.Tests.SerialiserTests.TestSerializeXml2" executed="True" result="Success" success="True" time="0.003" asserts="5" />
                                    </results>
                                  </test-suite>
                                </results>
                              </test-suite>
                            </results>
                          </test-suite>
                          <test-suite type="Namespace" name="Terrain" executed="True" result="Success" success="True" time="0.022" asserts="0">
                            <results>
                              <test-suite type="Namespace" name="Tests" executed="True" result="Success" success="True" time="0.022" asserts="0">
                                <results>
                                  <test-suite type="TestFixture" name="TerrainTest" executed="True" result="Success" success="True" time="0.022" asserts="0">
                                    <results>
                                      <test-case name="OpenSim.Region.CoreModules.World.Terrain.Tests.TerrainTest.BrushTest" executed="True" result="Success" success="True" time="0.013" asserts="9" />
                                      <test-case name="OpenSim.Region.CoreModules.World.Terrain.Tests.TerrainTest.TerrainChannelTest" executed="True" result="Success" success="True" time="0.006" asserts="8" />
                                    </results>
                                  </test-suite>
                                </results>
                              </test-suite>
                            </results>
                          </test-suite>
                        </results>
                      </test-suite>
                    </results>
                  </test-suite>
                </results>
              </test-suite>
            </results>
          </test-suite>
        </results>
      </test-suite>
      <test-suite type="Assembly" name="/home/jenkins/workspace/osCore2/bin/OpenSim.Region.Framework.Tests.dll" executed="True" result="Success" success="True" time="103.841" asserts="0">
        <results>
          <test-suite type="Namespace" name="OpenSim" executed="True" result="Success" success="True" time="103.836" asserts="0">
            <results>
              <test-suite type="Namespace" name="Region" executed="True" result="Success" success="True" time="103.836" asserts="0">
                <results>
                  <test-suite type="Namespace" name="Framework" executed="True" result="Success" success="True" time="103.836" asserts="0">
                    <results>
                      <test-suite type="Namespace" name="Scenes" executed="True" result="Success" success="True" time="102.640" asserts="0">
                        <results>
                          <test-suite type="Namespace" name="Tests" executed="True" result="Success" success="True" time="102.640" asserts="0">
                            <results>
                              <test-suite type="TestFixture" name="EntityManagerTests" executed="True" result="Success" success="True" time="0.946" asserts="0">
                                <categories>
                                  <category name="Long Running Test" />
                                </categories>
                                <results>
                                  <test-case name="OpenSim.Region.Framework.Scenes.Tests.EntityManagerTests.T010_AddObjects" executed="True" result="Success" success="True" time="0.067" asserts="8" />
                                  <test-case name="OpenSim.Region.Framework.Scenes.Tests.EntityManagerTests.T011_ThreadAddRemoveTest" executed="True" result="Success" success="True" time="0.536" asserts="6" />
                                </results>
                              </test-suite>
                              <test-suite type="TestFixture" name="SceneGraphTests" executed="True" result="Success" success="True" time="0.034" asserts="0">
                                <results>
                                  <test-case name="OpenSim.Region.Framework.Scenes.Tests.SceneGraphTests.TestDuplicateObject" executed="True" result="Success" success="True" time="0.034" asserts="5" />
                                </results>
                              </test-suite>
                              <test-suite type="TestFixture" name="SceneManagerTests" executed="True" result="Success" success="True" time="0.518" asserts="0">
                                <results>
                                  <test-case name="OpenSim.Region.Framework.Scenes.Tests.SceneManagerTests.TestClose" executed="True" result="Success" success="True" time="0.518" asserts="1" />
                                </results>
                              </test-suite>
                              <test-suite type="TestFixture" name="SceneObjectBasicTests" executed="True" result="Success" success="True" time="0.049" asserts="0">
                                <results>
                                  <test-case name="OpenSim.Region.Framework.Scenes.Tests.SceneObjectBasicTests.TestAddExistingSceneObjectUuid" executed="True" result="Success" success="True" time="0.011" asserts="4" />
                                  <test-case name="OpenSim.Region.Framework.Scenes.Tests.SceneObjectBasicTests.TestAddSceneObject" executed="True" result="Success" success="True" time="0.010" asserts="8" />
                                  <test-case name="OpenSim.Region.Framework.Scenes.Tests.SceneObjectBasicTests.TestChangeSceneObjectUuid" executed="True" result="Success" success="True" time="0.002" asserts="6" />
                                  <test-case name="OpenSim.Region.Framework.Scenes.Tests.SceneObjectBasicTests.TestDeleteSceneObject" executed="True" result="Success" success="True" time="0.014" asserts="2" />
                                  <test-case name="OpenSim.Region.Framework.Scenes.Tests.SceneObjectBasicTests.TestGetSceneObjectByPartLocalId" executed="True" result="Success" success="True" time="0.009" asserts="5" />
                                </results>
                              </test-suite>
                              <test-suite type="TestFixture" name="SceneObjectCrossingTests" executed="True" result="Success" success="True" time="4.593" asserts="0">
                                <results>
                                  <test-case name="OpenSim.Region.Framework.Scenes.Tests.SceneObjectCrossingTests.TestCrossOnSameSimulator" executed="True" result="Success" success="True" time="0.520" asserts="2" />
                                  <test-case name="OpenSim.Region.Framework.Scenes.Tests.SceneObjectCrossingTests.TestCrossOnSameSimulatorPrimLimitsOkay" executed="True" result="Success" success="True" time="1.827" asserts="2" />
                                  <test-case name="OpenSim.Region.Framework.Scenes.Tests.SceneObjectCrossingTests.TestCrossOnSameSimulatorWithSittingAvatar" executed="True" result="Success" success="True" time="2.244" asserts="12" />
                                </results>
                              </test-suite>
                              <test-suite type="TestFixture" name="SceneObjectDeRezTests" executed="True" result="Success" success="True" time="3.348" asserts="0">
                                <results>
                                  <test-case name="OpenSim.Region.Framework.Scenes.Tests.SceneObjectDeRezTests.TestDeleteSceneObjectAsyncToUserInventory" executed="True" result="Success" success="True" time="0.573" asserts="3" />
                                  <test-case name="OpenSim.Region.Framework.Scenes.Tests.SceneObjectDeRezTests.TestDeRezSceneObject" executed="True" result="Success" success="True" time="0.521" asserts="1" />
                                  <test-case name="OpenSim.Region.Framework.Scenes.Tests.SceneObjectDeRezTests.TestDeRezSceneObjectNotOwner" executed="True" result="Success" success="True" time="0.524" asserts="1" />
                                  <test-case name="OpenSim.Region.Framework.Scenes.Tests.SceneObjectDeRezTests.TestDeRezSceneObjectToAgents" executed="True" result="Success" success="True" time="1.728" asserts="0" />
                                </results>
                              </test-suite>
                              <test-suite type="TestFixture" name="SceneObjectLinkingTests" executed="True" result="Success" success="True" time="0.066" asserts="0">
                                <results>
                                  <test-case name="OpenSim.Region.Framework.Scenes.Tests.SceneObjectLinkingTests.TestDelinkPersistence" executed="True" result="Success" success="True" time="0.018" asserts="4" />
                                  <test-case name="OpenSim.Region.Framework.Scenes.Tests.SceneObjectLinkingTests.TestLinkDelink2groups4SceneObjects" executed="True" result="Success" success="True" time="0.014" asserts="12" />
                                  <test-case name="OpenSim.Region.Framework.Scenes.Tests.SceneObjectLinkingTests.TestLinkDelink2SceneObjects" executed="True" result="Success" success="True" time="0.011" asserts="12" />
                                  <test-case name="OpenSim.Region.Framework.Scenes.Tests.SceneObjectLinkingTests.TestLinkToSelf" executed="True" result="Success" success="True" time="0.011" asserts="1" />
                                  <test-case name="OpenSim.Region.Framework.Scenes.Tests.SceneObjectLinkingTests.TestNewSceneObjectLinkPersistence" executed="True" result="Success" success="True" time="0.009" asserts="4" />
                                </results>
                              </test-suite>
                              <test-suite type="TestFixture" name="SceneObjectResizeTests" executed="True" result="Success" success="True" time="0.024" asserts="0">
                                <results>
                                  <test-case name="OpenSim.Region.Framework.Scenes.Tests.SceneObjectResizeTests.TestResizeSceneObject" executed="True" result="Success" success="True" time="0.014" asserts="3" />
                                  <test-case name="OpenSim.Region.Framework.Scenes.Tests.SceneObjectResizeTests.TestResizeSceneObjectPart" executed="True" result="Success" success="True" time="0.009" asserts="6" />
                                </results>
                              </test-suite>
                              <test-suite type="TestFixture" name="SceneObjectScriptTests" executed="True" result="Success" success="True" time="0.019" asserts="0">
                                <results>
                                  <test-case name="OpenSim.Region.Framework.Scenes.Tests.SceneObjectScriptTests.TestAddScript" executed="True" result="Success" success="True" time="0.018" asserts="4" />
                                </results>
                              </test-suite>
                              <test-suite type="TestFixture" name="SceneObjectSerializationTests" executed="True" result="Success" success="True" time="0.051" asserts="0">
                                <results>
                                  <test-case name="OpenSim.Region.Framework.Scenes.Tests.SceneObjectSerializationTests.TestNamespaceAttribute" executed="True" result="Success" success="True" time="0.039" asserts="8" />
                                  <test-case name="OpenSim.Region.Framework.Scenes.Tests.SceneObjectSerializationTests.TestSerialDeserial" executed="True" result="Success" success="True" time="0.012" asserts="5" />
                                </results>
                              </test-suite>
                              <test-suite type="TestFixture" name="SceneObjectSpatialTests" executed="True" result="Success" success="True" time="0.042" asserts="0">
                                <results>
                                  <test-case name="OpenSim.Region.Framework.Scenes.Tests.SceneObjectSpatialTests.TestGetChildPartPosition" executed="True" result="Success" success="True" time="0.010" asserts="5" />
                                  <test-case name="OpenSim.Region.Framework.Scenes.Tests.SceneObjectSpatialTests.TestGetChildPartPositionAfterObjectRotation" executed="True" result="Success" success="True" time="0.009" asserts="5" />
                                  <test-case name="OpenSim.Region.Framework.Scenes.Tests.SceneObjectSpatialTests.TestGetRootPartPosition" executed="True" result="Success" success="True" time="0.013" asserts="5" />
                                  <test-case name="OpenSim.Region.Framework.Scenes.Tests.SceneObjectSpatialTests.TestGetSceneObjectGroupPosition" executed="True" result="Success" success="True" time="0.009" asserts="1" />
                                </results>
                              </test-suite>
                              <test-suite type="TestFixture" name="SceneObjectStatusTests" executed="True" result="Success" success="True" time="0.091" asserts="0">
                                <results>
                                  <test-case name="OpenSim.Region.Framework.Scenes.Tests.SceneObjectStatusTests.TestLinkPhysicsBothPhysical" executed="True" result="Success" success="True" time="0.011" asserts="2" />
                                  <test-case name="OpenSim.Region.Framework.Scenes.Tests.SceneObjectStatusTests.TestLinkPhysicsChildPhysicalOnly" executed="True" result="Success" success="True" time="0.009" asserts="2" />
                                  <test-case name="OpenSim.Region.Framework.Scenes.Tests.SceneObjectStatusTests.TestLinkPhysicsRootPhysicalOnly" executed="True" result="Success" success="True" time="0.009" asserts="2" />
                                  <test-case name="OpenSim.Region.Framework.Scenes.Tests.SceneObjectStatusTests.TestSetNonPhysicsVolumeDetectSinglePrim" executed="True" result="Success" success="True" time="0.009" asserts="3" />
                                  <test-case name="OpenSim.Region.Framework.Scenes.Tests.SceneObjectStatusTests.TestSetPhantomSinglePrim" executed="True" result="Success" success="True" time="0.009" asserts="3" />
                                  <test-case name="OpenSim.Region.Framework.Scenes.Tests.SceneObjectStatusTests.TestSetPhysicsLinkset" executed="True" result="Success" success="True" time="0.009" asserts="6" />
                                  <test-case name="OpenSim.Region.Framework.Scenes.Tests.SceneObjectStatusTests.TestSetPhysicsSinglePrim" executed="True" result="Success" success="True" time="0.012" asserts="3" />
                                  <test-case name="OpenSim.Region.Framework.Scenes.Tests.SceneObjectStatusTests.TestSetPhysicsVolumeDetectSinglePrim" executed="True" result="Success" success="True" time="0.009" asserts="3" />
                                  <test-case name="OpenSim.Region.Framework.Scenes.Tests.SceneObjectStatusTests.TestSetTemporary" executed="True" result="Success" success="True" time="0.009" asserts="4" />
                                </results>
                              </test-suite>
                              <test-suite type="TestFixture" name="SceneObjectUserGroupTests" executed="True" result="Success" success="True" time="0.526" asserts="0">
                                <results>
                                  <test-case name="OpenSim.Region.Framework.Scenes.Tests.SceneObjectUserGroupTests.TestShareWithGroup" executed="True" result="Success" success="True" time="0.525" asserts="0" />
                                </results>
                              </test-suite>
                              <test-suite type="TestFixture" name="ScenePresenceAgentTests" executed="True" result="Success" success="True" time="2.608" asserts="0">
                                <results>
                                  <test-case name="OpenSim.Region.Framework.Scenes.Tests.ScenePresenceAgentTests.TestChildAgentEstablishedInNeighbour" executed="True" result="Success" success="True" time="0.031" asserts="0" />
                                  <test-case name="OpenSim.Region.Framework.Scenes.Tests.ScenePresenceAgentTests.TestCloseClient" executed="True" result="Success" success="True" time="0.521" asserts="3" />
                                  <test-case name="OpenSim.Region.Framework.Scenes.Tests.ScenePresenceAgentTests.TestCreateChildScenePresence" executed="True" result="Success" success="True" time="0.021" asserts="8" />
                                  <test-case name="OpenSim.Region.Framework.Scenes.Tests.ScenePresenceAgentTests.TestCreateDuplicateRootScenePresence" executed="True" result="Success" success="True" time="1.012" asserts="5" />
                                  <test-case name="OpenSim.Region.Framework.Scenes.Tests.ScenePresenceAgentTests.TestCreateRootScenePresence" executed="True" result="Success" success="True" time="0.509" asserts="6" />
                                  <test-case name="OpenSim.Region.Framework.Scenes.Tests.ScenePresenceAgentTests.TestDupeCompleteMovementCalls" executed="True" result="Success" success="True" time="0.510" asserts="7" />
                                </results>
                              </test-suite>
                              <test-suite type="TestFixture" name="ScenePresenceAnimationTests" executed="True" result="Success" success="True" time="0.511" asserts="0">
                                <results>
                                  <test-case name="OpenSim.Region.Framework.Scenes.Tests.ScenePresenceAnimationTests.TestFlyingAnimation" executed="True" result="Success" success="True" time="0.511" asserts="1" />
                                </results>
                              </test-suite>
                              <test-suite type="TestFixture" name="ScenePresenceAutopilotTests" executed="True" result="Success" success="True" time="2.608" asserts="0">
                                <results>
                                  <test-case name="OpenSim.Region.Framework.Scenes.Tests.ScenePresenceAutopilotTests.TestMove" executed="True" result="Success" success="True" time="2.608" asserts="18" />
                                </results>
                              </test-suite>
                              <test-suite type="TestFixture" name="ScenePresenceCapabilityTests" executed="True" result="Success" success="True" time="0.016" asserts="0">
                                <results>
                                  <test-case name="OpenSim.Region.Framework.Scenes.Tests.ScenePresenceCapabilityTests.TestChildAgentSingleRegionCapabilities" executed="True" result="Success" success="True" time="0.015" asserts="0" />
                                </results>
                              </test-suite>
                              <test-suite type="TestFixture" name="ScenePresenceCrossingTests" executed="True" result="Success" success="True" time="30.915" asserts="0">
                                <results>
                                  <test-case name="OpenSim.Region.Framework.Scenes.Tests.ScenePresenceCrossingTests.TestCrossOnSameSimulator" executed="True" result="Success" success="True" time="10.447" asserts="4" />
                                  <test-case name="OpenSim.Region.Framework.Scenes.Tests.ScenePresenceCrossingTests.TestCrossOnSameSimulatorNoRootDestPerm" executed="True" result="Success" success="True" time="20.467" asserts="4" />
                                </results>
                              </test-suite>
                              <test-suite type="TestFixture" name="ScenePresenceSitTests" executed="True" result="Success" success="True" time="3.070" asserts="0">
                                <results>
                                  <test-case name="OpenSim.Region.Framework.Scenes.Tests.ScenePresenceSitTests.TestSitAndStandOnGround" executed="True" result="Success" success="True" time="0.511" asserts="4" />
                                  <test-case name="OpenSim.Region.Framework.Scenes.Tests.ScenePresenceSitTests.TestSitAndStandWithNoSitTarget" executed="True" result="Success" success="True" time="0.513" asserts="6" />
                                  <test-case name="OpenSim.Region.Framework.Scenes.Tests.ScenePresenceSitTests.TestSitAndStandWithNoSitTargetChildPrim" executed="True" result="Success" success="True" time="0.513" asserts="6" />
                                  <test-case name="OpenSim.Region.Framework.Scenes.Tests.ScenePresenceSitTests.TestSitAndStandWithSitTarget" executed="True" result="Success" success="True" time="0.508" asserts="0" />
                                  <test-case name="OpenSim.Region.Framework.Scenes.Tests.ScenePresenceSitTests.TestSitOutsideRangeNoTarget" executed="True" result="Success" success="True" time="0.510" asserts="5" />
                                  <test-case name="OpenSim.Region.Framework.Scenes.Tests.ScenePresenceSitTests.TestSitWithinRangeNoTarget" executed="True" result="Success" success="True" time="0.511" asserts="7" />
                                </results>
                              </test-suite>
                              <test-suite type="TestFixture" name="ScenePresenceTeleportTests" executed="True" result="Success" success="True" time="50.817" asserts="0">
                                <results>
                                  <test-case name="OpenSim.Region.Framework.Scenes.Tests.ScenePresenceTeleportTests.TestSameRegion" executed="True" result="Success" success="True" time="0.515" asserts="3" />
                                  <test-case name="OpenSim.Region.Framework.Scenes.Tests.ScenePresenceTeleportTests.TestSameSimulatorIsolatedRegions_DeniedOnCreateAgent" executed="True" result="Success" success="True" time="0.526" asserts="8" />
                                  <test-case name="OpenSim.Region.Framework.Scenes.Tests.ScenePresenceTeleportTests.TestSameSimulatorIsolatedRegions_DeniedOnQueryAccess" executed="True" result="Success" success="True" time="0.516" asserts="8" />
                                  <test-case name="OpenSim.Region.Framework.Scenes.Tests.ScenePresenceTeleportTests.TestSameSimulatorIsolatedRegions_DestinationDidNotProcessViewerConnection" executed="True" result="Success" success="True" time="30.521" asserts="8" />
                                  <test-case name="OpenSim.Region.Framework.Scenes.Tests.ScenePresenceTeleportTests.TestSameSimulatorIsolatedRegionsV2" executed="True" result="Success" success="True" time="16.518" asserts="8" />
                                  <test-case name="OpenSim.Region.Framework.Scenes.Tests.ScenePresenceTeleportTests.TestSameSimulatorNeighbouringRegionsV2" executed="True" result="Success" success="True" time="2.219" asserts="14" />
                                </results>
                              </test-suite>
                              <test-suite type="TestFixture" name="SceneStatisticsTests" executed="True" result="Success" success="True" time="0.009" asserts="0">
                                <results>
                                  <test-case name="OpenSim.Region.Framework.Scenes.Tests.SceneStatisticsTests.TestAddRemovePhysicalLinkset" executed="True" result="Success" success="True" time="0.008" asserts="5" />
                                </results>
                              </test-suite>
                              <test-suite type="TestFixture" name="SceneTelehubTests" executed="True" result="Success" success="True" time="1.035" asserts="0">
                                <results>
                                  <test-case name="OpenSim.Region.Framework.Scenes.Tests.SceneTelehubTests.TestNoTelehubSceneObject" executed="True" result="Success" success="True" time="0.519" asserts="1" />
                                  <test-case name="OpenSim.Region.Framework.Scenes.Tests.SceneTelehubTests.TestNoTelehubSpawnPoints" executed="True" result="Success" success="True" time="0.515" asserts="1" />
                                </results>
                              </test-suite>
                              <test-suite type="TestFixture" name="SceneTests" executed="True" result="Success" success="True" time="0.643" asserts="0">
                                <results>
                                  <test-case name="OpenSim.Region.Framework.Scenes.Tests.SceneTests.TestCreateScene" executed="True" result="Success" success="True" time="0.009" asserts="0" />
                                  <test-case name="OpenSim.Region.Framework.Scenes.Tests.SceneTests.TestCreateVarScene" executed="True" result="Success" success="True" time="0.022" asserts="2" />
                                  <test-case name="OpenSim.Region.Framework.Scenes.Tests.SceneTests.TestShutdownScene" executed="True" result="Success" success="True" time="0.510" asserts="3" />
                                  <test-case name="OpenSim.Region.Framework.Scenes.Tests.SceneTests.TestUpdateScene" executed="True" result="Success" success="True" time="0.100" asserts="1" />
                                </results>
                              </test-suite>
                              <test-suite type="TestFixture" name="SharedRegionModuleTests" executed="True" result="Inconclusive" success="False" time="0.000" asserts="0" />
                              <test-suite type="TestFixture" name="UuidGathererTests" executed="True" result="Success" success="True" time="0.061" asserts="0">
                                <results>
                                  <test-case name="OpenSim.Region.Framework.Scenes.Tests.UuidGathererTests.TestCorruptAsset" executed="True" result="Success" success="True" time="0.016" asserts="1" />
                                  <test-case name="OpenSim.Region.Framework.Scenes.Tests.UuidGathererTests.TestMissingAsset" executed="True" result="Success" success="True" time="0.013" asserts="1" />
                                  <test-case name="OpenSim.Region.Framework.Scenes.Tests.UuidGathererTests.TestNotecardAsset" executed="True" result="Success" success="True" time="0.010" asserts="4" />
                                  <test-case name="OpenSim.Region.Framework.Scenes.Tests.UuidGathererTests.TestTaskItems" executed="True" result="Success" success="True" time="0.019" asserts="5" />
                                </results>
                              </test-suite>
                            </results>
                          </test-suite>
                        </results>
                      </test-suite>
                      <test-suite type="Namespace" name="Tests" executed="True" result="Success" success="True" time="1.155" asserts="0">
                        <results>
                          <test-suite type="TestFixture" name="TaskInventoryTests" executed="True" result="Success" success="True" time="0.059" asserts="0">
                            <results>
                              <test-case name="OpenSim.Region.Framework.Tests.TaskInventoryTests.TestAddTaskInventoryItem" executed="True" result="Success" success="True" time="0.014" asserts="5" />
                              <test-case name="OpenSim.Region.Framework.Tests.TaskInventoryTests.TestMoveTaskInventoryItem" executed="True" result="Success" success="True" time="0.012" asserts="1" />
                              <test-case name="OpenSim.Region.Framework.Tests.TaskInventoryTests.TestMoveTaskInventoryItemNoParent" executed="True" result="Success" success="True" time="0.010" asserts="1" />
                              <test-case name="OpenSim.Region.Framework.Tests.TaskInventoryTests.TestRezObjectFromInventoryItem" executed="True" result="Success" success="True" time="0.020" asserts="4" />
                            </results>
                          </test-suite>
                          <test-suite type="TestFixture" name="UserInventoryTests" executed="True" result="Success" success="True" time="1.095" asserts="0">
                            <results>
                              <test-case name="OpenSim.Region.Framework.Tests.UserInventoryTests.TestCreateInventoryFolders" executed="True" result="Success" success="True" time="0.024" asserts="6" />
                              <test-case name="OpenSim.Region.Framework.Tests.UserInventoryTests.TestGiveInventoryFolder" executed="True" result="Success" success="True" time="0.014" asserts="2" />
                              <test-case name="OpenSim.Region.Framework.Tests.UserInventoryTests.TestGiveInventoryItem" executed="True" result="Success" success="True" time="0.031" asserts="2" />
                              <test-case name="OpenSim.Region.Framework.Tests.UserInventoryTests.TestGiveInventoryItemFullPerms" executed="True" result="Success" success="True" time="1.022" asserts="3" />
                            </results>
                          </test-suite>
                        </results>
                      </test-suite>
                    </results>
                  </test-suite>
                </results>
              </test-suite>
            </results>
          </test-suite>
        </results>
      </test-suite>
      <test-suite type="Assembly" name="/home/jenkins/workspace/osCore2/bin/OpenSim.Region.PhysicsModule.BulletS.Tests.dll" executed="True" result="Success" success="True" time="1.565" asserts="0">
        <results>
          <test-suite type="Namespace" name="OpenSim" executed="True" result="Success" success="True" time="1.559" asserts="0">
            <results>
              <test-suite type="Namespace" name="Region" executed="True" result="Success" success="True" time="1.559" asserts="0">
                <results>
                  <test-suite type="Namespace" name="PhysicsModule" executed="True" result="Success" success="True" time="1.559" asserts="0">
                    <results>
                      <test-suite type="Namespace" name="BulletS" executed="True" result="Success" success="True" time="1.559" asserts="0">
                        <results>
                          <test-suite type="Namespace" name="Tests" executed="True" result="Success" success="True" time="1.559" asserts="0">
                            <results>
                              <test-suite type="TestFixture" name="BasicVehicles" executed="True" result="Success" success="True" time="0.231" asserts="0">
                                <results>
                                  <test-suite type="ParameterizedTest" name="AngularVerticalAttraction" executed="True" result="Success" success="True" time="0.051" asserts="0">
                                    <results>
                                      <test-case name="OpenSim.Region.PhysicsModule.BulletS.Tests.BasicVehicles.AngularVerticalAttraction(2.0f,0.2f,0.25f,0.25f,0.25f)" executed="True" result="Success" success="True" time="0.043" asserts="1" />
                                      <test-case name="OpenSim.Region.PhysicsModule.BulletS.Tests.BasicVehicles.AngularVerticalAttraction(2.0f,0.2f,-0.25f,0.25f,0.25f)" executed="True" result="Success" success="True" time="0.001" asserts="1" />
                                      <test-case name="OpenSim.Region.PhysicsModule.BulletS.Tests.BasicVehicles.AngularVerticalAttraction(2.0f,0.2f,0.25f,-0.25f,0.25f)" executed="True" result="Success" success="True" time="0.001" asserts="1" />
                                      <test-case name="OpenSim.Region.PhysicsModule.BulletS.Tests.BasicVehicles.AngularVerticalAttraction(2.0f,0.2f,-0.25f,-0.25f,0.25f)" executed="True" result="Success" success="True" time="0.001" asserts="1" />
                                    </results>
                                  </test-suite>
                                </results>
                              </test-suite>
                              <test-suite type="TestFixture" name="BulletSimTests" executed="True" result="Inconclusive" success="False" time="0.000" asserts="0" />
                              <test-suite type="TestFixture" name="HullCreation" executed="True" result="Success" success="True" time="1.325" asserts="0">
                                <results>
                                  <test-suite type="ParameterizedTest" name="GeomHullBulletHACD" executed="True" result="Success" success="True" time="0.000" asserts="0">
                                    <results>
                                      <test-case name="OpenSim.Region.PhysicsModule.BulletS.Tests.HullCreation.GeomHullBulletHACD()" executed="True" result="Success" success="True" time="0.000" asserts="0" />
                                    </results>
                                  </test-suite>
                                  <test-suite type="ParameterizedTest" name="GeomHullConvexDecomp" executed="True" result="Success" success="True" time="1.323" asserts="0">
                                    <results>
                                      <test-case name="OpenSim.Region.PhysicsModule.BulletS.Tests.HullCreation.GeomHullConvexDecomp(7,2,5.0f,5.0f,32,0.0f)" executed="True" result="Success" success="True" time="1.323" asserts="0" />
                                    </results>
                                  </test-suite>
                                </results>
                              </test-suite>
                            </results>
                          </test-suite>
                        </results>
                      </test-suite>
                    </results>
                  </test-suite>
                </results>
              </test-suite>
            </results>
          </test-suite>
        </results>
      </test-suite>
      <test-suite type="Assembly" name="/home/jenkins/workspace/osCore2/bin/OpenSim.Region.PhysicsModule.Ode.Tests.dll" executed="True" result="Success" success="True" time="0.188" asserts="0">
        <results>
          <test-suite type="Namespace" name="OpenSim" executed="True" result="Success" success="True" time="0.183" asserts="0">
            <results>
              <test-suite type="Namespace" name="Region" executed="True" result="Success" success="True" time="0.183" asserts="0">
                <results>
                  <test-suite type="Namespace" name="PhysicsModule" executed="True" result="Success" success="True" time="0.183" asserts="0">
                    <results>
                      <test-suite type="Namespace" name="ODE" executed="True" result="Success" success="True" time="0.183" asserts="0">
                        <results>
                          <test-suite type="Namespace" name="Tests" executed="True" result="Success" success="True" time="0.182" asserts="0">
                            <results>
                              <test-suite type="TestFixture" name="ODETestClass" executed="True" result="Success" success="True" time="0.182" asserts="0">
                                <results>
                                  <test-case name="OpenSim.Region.PhysicsModule.ODE.Tests.ODETestClass.CreateAndDropPhysicalCube" executed="True" result="Success" success="True" time="0.159" asserts="236" />
                                </results>
                              </test-suite>
                            </results>
                          </test-suite>
                        </results>
                      </test-suite>
                    </results>
                  </test-suite>
                </results>
              </test-suite>
            </results>
          </test-suite>
        </results>
      </test-suite>
      <test-suite type="Assembly" name="/home/jenkins/workspace/osCore2/bin/OpenSim.Region.ScriptEngine.Tests.dll" executed="True" result="Success" success="True" time="58.373" asserts="0">
        <results>
          <test-suite type="Namespace" name="OpenSim" executed="True" result="Success" success="True" time="58.367" asserts="0">
            <results>
              <test-suite type="Namespace" name="Region" executed="True" result="Success" success="True" time="58.367" asserts="0">
                <results>
                  <test-suite type="Namespace" name="ScriptEngine" executed="True" result="Success" success="True" time="58.366" asserts="0">
                    <results>
                      <test-suite type="Namespace" name="Shared" executed="True" result="Success" success="True" time="57.102" asserts="0">
                        <results>
                          <test-suite type="Namespace" name="CodeTools" executed="True" result="Success" success="True" time="2.502" asserts="0">
                            <results>
                              <test-suite type="Namespace" name="Tests" executed="True" result="Success" success="True" time="2.502" asserts="0">
                                <results>
                                  <test-suite type="TestFixture" name="CompilerTest" executed="True" result="Success" success="True" time="0.545" asserts="0">
                                    <results>
                                      <test-case name="OpenSim.Region.ScriptEngine.Shared.CodeTools.Tests.CompilerTest.TestCastAndConcatString" executed="True" result="Success" success="True" time="0.534" asserts="1" />
                                    </results>
                                  </test-suite>
                                  <test-suite type="TestFixture" name="CSCodeGeneratorTest" executed="True" result="Success" success="True" time="1.954" asserts="0">
                                    <results>
                                      <test-case name="OpenSim.Region.ScriptEngine.Shared.CodeTools.Tests.CSCodeGeneratorTest.TestAdditionSubtractionOperator" executed="True" result="Success" success="True" time="0.043" asserts="1" />
                                      <test-case name="OpenSim.Region.ScriptEngine.Shared.CodeTools.Tests.CSCodeGeneratorTest.TestAssignmentInIfWhileDoWhile" executed="True" result="Success" success="True" time="0.037" asserts="1" />
                                      <test-case name="OpenSim.Region.ScriptEngine.Shared.CodeTools.Tests.CSCodeGeneratorTest.TestAssignments" executed="True" result="Success" success="True" time="0.040" asserts="1" />
                                      <test-case name="OpenSim.Region.ScriptEngine.Shared.CodeTools.Tests.CSCodeGeneratorTest.TestBinaryExpression" executed="True" result="Success" success="True" time="0.035" asserts="1" />
                                      <test-case name="OpenSim.Region.ScriptEngine.Shared.CodeTools.Tests.CSCodeGeneratorTest.TestComments" executed="True" result="Success" success="True" time="0.040" asserts="1" />
                                      <test-case name="OpenSim.Region.ScriptEngine.Shared.CodeTools.Tests.CSCodeGeneratorTest.TestCStyleComments" executed="True" result="Success" success="True" time="0.032" asserts="1" />
                                      <test-case name="OpenSim.Region.ScriptEngine.Shared.CodeTools.Tests.CSCodeGeneratorTest.TestCustomState" executed="True" result="Success" success="True" time="0.040" asserts="1" />
                                      <test-case name="OpenSim.Region.ScriptEngine.Shared.CodeTools.Tests.CSCodeGeneratorTest.TestDefaultState" executed="True" result="Success" success="True" time="0.050" asserts="1" />
                                      <test-case name="OpenSim.Region.ScriptEngine.Shared.CodeTools.Tests.CSCodeGeneratorTest.TestDoWhileLoop" executed="True" result="Success" success="True" time="0.057" asserts="1" />
                                      <test-case name="OpenSim.Region.ScriptEngine.Shared.CodeTools.Tests.CSCodeGeneratorTest.TestDoWhileLoopWithNoBody" executed="True" result="Success" success="True" time="0.041" asserts="1" />
                                      <test-case name="OpenSim.Region.ScriptEngine.Shared.CodeTools.Tests.CSCodeGeneratorTest.TestEventWithArguments" executed="True" result="Success" success="True" time="0.033" asserts="1" />
                                      <test-case name="OpenSim.Region.ScriptEngine.Shared.CodeTools.Tests.CSCodeGeneratorTest.TestExpressionInParentheses" executed="True" result="Success" success="True" time="0.039" asserts="1" />
                                      <test-case name="OpenSim.Region.ScriptEngine.Shared.CodeTools.Tests.CSCodeGeneratorTest.TestFloatConstants" executed="True" result="Success" success="True" time="0.032" asserts="1" />
                                      <test-case name="OpenSim.Region.ScriptEngine.Shared.CodeTools.Tests.CSCodeGeneratorTest.TestFloatsWithTrailingDecimal" executed="True" result="Success" success="True" time="0.038" asserts="1" />
                                      <test-case name="OpenSim.Region.ScriptEngine.Shared.CodeTools.Tests.CSCodeGeneratorTest.TestForLoop" executed="True" result="Success" success="True" time="0.035" asserts="1" />
                                      <test-case name="OpenSim.Region.ScriptEngine.Shared.CodeTools.Tests.CSCodeGeneratorTest.TestForLoopWithNoAssignment" executed="True" result="Success" success="True" time="0.038" asserts="1" />
                                      <test-case name="OpenSim.Region.ScriptEngine.Shared.CodeTools.Tests.CSCodeGeneratorTest.TestForLoopWithNoBody" executed="True" result="Success" success="True" time="0.032" asserts="1" />
                                      <test-case name="OpenSim.Region.ScriptEngine.Shared.CodeTools.Tests.CSCodeGeneratorTest.TestForLoopWithOnlyIdentInAssignment" executed="True" result="Success" success="True" time="0.041" asserts="1" />
                                      <test-case name="OpenSim.Region.ScriptEngine.Shared.CodeTools.Tests.CSCodeGeneratorTest.TestGlobalDeclaredVariables" executed="True" result="Success" success="True" time="0.036" asserts="1" />
                                      <test-case name="OpenSim.Region.ScriptEngine.Shared.CodeTools.Tests.CSCodeGeneratorTest.TestGlobalDefinedFunctions" executed="True" result="Success" success="True" time="0.040" asserts="1" />
                                      <test-case name="OpenSim.Region.ScriptEngine.Shared.CodeTools.Tests.CSCodeGeneratorTest.TestHexIntegerConstants" executed="True" result="Success" success="True" time="0.032" asserts="1" />
                                      <test-case name="OpenSim.Region.ScriptEngine.Shared.CodeTools.Tests.CSCodeGeneratorTest.TestIfElseStatement" executed="True" result="Success" success="True" time="0.042" asserts="1" />
                                      <test-case name="OpenSim.Region.ScriptEngine.Shared.CodeTools.Tests.CSCodeGeneratorTest.TestIfElseWithNoBody" executed="True" result="Success" success="True" time="0.033" asserts="1" />
                                      <test-case name="OpenSim.Region.ScriptEngine.Shared.CodeTools.Tests.CSCodeGeneratorTest.TestIfStatement" executed="True" result="Success" success="True" time="0.043" asserts="1" />
                                      <test-case name="OpenSim.Region.ScriptEngine.Shared.CodeTools.Tests.CSCodeGeneratorTest.TestIfWithNoBody" executed="True" result="Success" success="True" time="0.039" asserts="1" />
                                      <test-case name="OpenSim.Region.ScriptEngine.Shared.CodeTools.Tests.CSCodeGeneratorTest.TestImplicitVariableInitialization" executed="True" result="Success" success="True" time="0.050" asserts="1" />
                                      <test-case name="OpenSim.Region.ScriptEngine.Shared.CodeTools.Tests.CSCodeGeneratorTest.TestIncrementDecrementOperator" executed="True" result="Success" success="True" time="0.059" asserts="1" />
                                      <test-case name="OpenSim.Region.ScriptEngine.Shared.CodeTools.Tests.CSCodeGeneratorTest.TestIntegerDeclaration" executed="True" result="Success" success="True" time="0.041" asserts="1" />
                                      <test-case name="OpenSim.Region.ScriptEngine.Shared.CodeTools.Tests.CSCodeGeneratorTest.TestJumps" executed="True" result="Success" success="True" time="0.034" asserts="1" />
                                      <test-case name="OpenSim.Region.ScriptEngine.Shared.CodeTools.Tests.CSCodeGeneratorTest.TestLists" executed="True" result="Success" success="True" time="0.038" asserts="1" />
                                      <test-case name="OpenSim.Region.ScriptEngine.Shared.CodeTools.Tests.CSCodeGeneratorTest.TestLoneIdent" executed="True" result="Success" success="True" time="0.031" asserts="1" />
                                      <test-case name="OpenSim.Region.ScriptEngine.Shared.CodeTools.Tests.CSCodeGeneratorTest.TestLSLListHack" executed="True" result="Success" success="True" time="0.039" asserts="1" />
                                      <test-case name="OpenSim.Region.ScriptEngine.Shared.CodeTools.Tests.CSCodeGeneratorTest.TestMoreAssignments" executed="True" result="Success" success="True" time="0.034" asserts="1" />
                                      <test-case name="OpenSim.Region.ScriptEngine.Shared.CodeTools.Tests.CSCodeGeneratorTest.TestMultipleEqualsExpression" executed="True" result="Success" success="True" time="0.039" asserts="1" />
                                      <test-case name="OpenSim.Region.ScriptEngine.Shared.CodeTools.Tests.CSCodeGeneratorTest.TestStates" executed="True" result="Success" success="True" time="0.033" asserts="1" />
                                      <test-case name="OpenSim.Region.ScriptEngine.Shared.CodeTools.Tests.CSCodeGeneratorTest.TestStrings" executed="True" result="Success" success="True" time="0.041" asserts="1" />
                                      <test-case name="OpenSim.Region.ScriptEngine.Shared.CodeTools.Tests.CSCodeGeneratorTest.TestStringsWithEscapedQuotesAndComments" executed="True" result="Success" success="True" time="0.033" asserts="1" />
                                      <test-case name="OpenSim.Region.ScriptEngine.Shared.CodeTools.Tests.CSCodeGeneratorTest.TestSyntaxError" executed="True" result="Success" success="True" time="0.041" asserts="2" />
                                      <test-case name="OpenSim.Region.ScriptEngine.Shared.CodeTools.Tests.CSCodeGeneratorTest.TestSyntaxErrorDeclaringVariableInForLoop" executed="True" result="Success" success="True" time="0.032" asserts="2" />
                                      <test-case name="OpenSim.Region.ScriptEngine.Shared.CodeTools.Tests.CSCodeGeneratorTest.TestTypecasts" executed="True" result="Success" success="True" time="0.040" asserts="1" />
                                      <test-case name="OpenSim.Region.ScriptEngine.Shared.CodeTools.Tests.CSCodeGeneratorTest.TestUnaryAndBinaryOperators" executed="True" result="Success" success="True" time="0.035" asserts="1" />
                                      <test-case name="OpenSim.Region.ScriptEngine.Shared.CodeTools.Tests.CSCodeGeneratorTest.TestUnaryExpressionLastInVectorConstant" executed="True" result="Success" success="True" time="0.039" asserts="1" />
                                      <test-case name="OpenSim.Region.ScriptEngine.Shared.CodeTools.Tests.CSCodeGeneratorTest.TestVectorConstantNotation" executed="True" result="Success" success="True" time="0.033" asserts="1" />
                                      <test-case name="OpenSim.Region.ScriptEngine.Shared.CodeTools.Tests.CSCodeGeneratorTest.TestVectorMemberAccess" executed="True" result="Success" success="True" time="0.042" asserts="1" />
                                      <test-case name="OpenSim.Region.ScriptEngine.Shared.CodeTools.Tests.CSCodeGeneratorTest.TestVectorMemberPlusEquals" executed="True" result="Success" success="True" time="0.035" asserts="1" />
                                      <test-case name="OpenSim.Region.ScriptEngine.Shared.CodeTools.Tests.CSCodeGeneratorTest.TestWhileLoop" executed="True" result="Success" success="True" time="0.150" asserts="1" />
                                      <test-case name="OpenSim.Region.ScriptEngine.Shared.CodeTools.Tests.CSCodeGeneratorTest.TestWhileLoopWithNoBody" executed="True" result="Success" success="True" time="0.032" asserts="1" />
                                    </results>
                                  </test-suite>
                                </results>
                              </test-suite>
                            </results>
                          </test-suite>
                          <test-suite type="Namespace" name="Instance" executed="True" result="Success" success="True" time="13.266" asserts="0">
                            <results>
                              <test-suite type="Namespace" name="Tests" executed="True" result="Success" success="True" time="13.265" asserts="0">
                                <results>
                                  <test-suite type="TestFixture" name="CoopTerminationTests" executed="True" result="Success" success="True" time="13.265" asserts="0">
                                    <results>
                                      <test-case name="OpenSim.Region.ScriptEngine.Shared.Instance.Tests.CoopTerminationTests.TestNoStopOnSingleStatementDoWhileLoop" executed="True" result="Success" success="True" time="0.866" asserts="3" />
                                      <test-case name="OpenSim.Region.ScriptEngine.Shared.Instance.Tests.CoopTerminationTests.TestNoStopOnSingleStatementForLoop" executed="True" result="Success" success="True" time="0.432" asserts="3" />
                                      <test-case name="OpenSim.Region.ScriptEngine.Shared.Instance.Tests.CoopTerminationTests.TestNoStopOnSingleStatementWhileLoop" executed="True" result="Success" success="True" time="0.418" asserts="3" />
                                      <test-case name="OpenSim.Region.ScriptEngine.Shared.Instance.Tests.CoopTerminationTests.TestStopOnInfiniteJumpLoop" executed="True" result="Success" success="True" time="1.455" asserts="2" />
                                      <test-case name="OpenSim.Region.ScriptEngine.Shared.Instance.Tests.CoopTerminationTests.TestStopOnLongCompoundStatementDoWhileLoop" executed="True" result="Success" success="True" time="1.425" asserts="2" />
                                      <test-case name="OpenSim.Region.ScriptEngine.Shared.Instance.Tests.CoopTerminationTests.TestStopOnLongCompoundStatementForLoop" executed="True" result="Success" success="True" time="1.433" asserts="2" />
                                      <test-case name="OpenSim.Region.ScriptEngine.Shared.Instance.Tests.CoopTerminationTests.TestStopOnLongCompoundStatementWhileLoop" executed="True" result="Success" success="True" time="1.505" asserts="2" />
                                      <test-case name="OpenSim.Region.ScriptEngine.Shared.Instance.Tests.CoopTerminationTests.TestStopOnLongSingleStatementDoWhileLoop" executed="True" result="Success" success="True" time="1.427" asserts="2" />
                                      <test-case name="OpenSim.Region.ScriptEngine.Shared.Instance.Tests.CoopTerminationTests.TestStopOnLongSingleStatementForLoop" executed="True" result="Success" success="True" time="1.435" asserts="2" />
                                      <test-case name="OpenSim.Region.ScriptEngine.Shared.Instance.Tests.CoopTerminationTests.TestStopOnLongSingleStatementWhileLoop" executed="True" result="Success" success="True" time="1.435" asserts="2" />
                                      <test-case name="OpenSim.Region.ScriptEngine.Shared.Instance.Tests.CoopTerminationTests.TestStopOnLongSleep" executed="True" result="Success" success="True" time="1.426" asserts="2" />
                                    </results>
                                  </test-suite>
                                </results>
                              </test-suite>
                            </results>
                          </test-suite>
                          <test-suite type="Namespace" name="Tests" executed="True" result="Success" success="True" time="41.290" asserts="0">
                            <results>
                              <test-suite type="TestFixture" name="LSL_ApiAvatarTests" executed="True" result="Success" success="True" time="0.009" asserts="0">
                                <results>
                                  <test-case name="OpenSim.Region.ScriptEngine.Shared.Tests.LSL_ApiAvatarTests.TestllSetLinkPrimitiveParamsForAgent" executed="True" result="Success" success="True" time="0.008" asserts="0" />
                                </results>
                              </test-suite>
                              <test-suite type="TestFixture" name="LSL_ApiHttpTests" executed="True" result="Success" success="True" time="27.054" asserts="0">
                                <results>
                                  <test-case name="OpenSim.Region.ScriptEngine.Shared.Tests.LSL_ApiHttpTests.TestLlReleaseUrl" executed="True" result="Success" success="True" time="26.019" asserts="6" />
                                  <test-case name="OpenSim.Region.ScriptEngine.Shared.Tests.LSL_ApiHttpTests.TestLlRequestUrl" executed="True" result="Success" success="True" time="1.034" asserts="15" />
                                </results>
                              </test-suite>
                              <test-suite type="TestFixture" name="LSL_ApiInventoryTests" executed="True" result="Success" success="True" time="2.246" asserts="0">
                                <results>
                                  <test-case name="OpenSim.Region.ScriptEngine.Shared.Tests.LSL_ApiInventoryTests.TestLlGiveInventoryO2DifferentAvatar" executed="True" result="Success" success="True" time="0.393" asserts="1" />
                                  <test-case name="OpenSim.Region.ScriptEngine.Shared.Tests.LSL_ApiInventoryTests.TestLlGiveInventoryO2DifferentAvatarNoMod" executed="True" result="Success" success="True" time="0.311" asserts="2" />
                                  <test-case name="OpenSim.Region.ScriptEngine.Shared.Tests.LSL_ApiInventoryTests.TestLlGiveInventoryO2ODifferentOwners" executed="True" result="Success" success="True" time="0.014" asserts="5" />
                                  <test-case name="OpenSim.Region.ScriptEngine.Shared.Tests.LSL_ApiInventoryTests.TestLlGiveInventoryO2OSameOwner" executed="True" result="Success" success="True" time="0.010" asserts="3" />
                                  <test-case name="OpenSim.Region.ScriptEngine.Shared.Tests.LSL_ApiInventoryTests.TestLlRemoteLoadScriptPin" executed="True" result="Success" success="True" time="1.515" asserts="6" />
                                </results>
                              </test-suite>
                              <test-suite type="TestFixture" name="LSL_ApiLinkingTests" executed="True" result="Success" success="True" time="0.049" asserts="0">
                                <results>
                                  <test-case name="OpenSim.Region.ScriptEngine.Shared.Tests.LSL_ApiLinkingTests.TestllBreakAllLinks" executed="True" result="Success" success="True" time="0.017" asserts="6" />
                                  <test-case name="OpenSim.Region.ScriptEngine.Shared.Tests.LSL_ApiLinkingTests.TestllBreakLink" executed="True" result="Success" success="True" time="0.010" asserts="2" />
                                  <test-case name="OpenSim.Region.ScriptEngine.Shared.Tests.LSL_ApiLinkingTests.TestllCreateLink" executed="True" result="Success" success="True" time="0.020" asserts="2" />
                                </results>
                              </test-suite>
                              <test-suite type="TestFixture" name="LSL_ApiListTests" executed="True" result="Success" success="True" time="0.012" asserts="0">
                                <results>
                                  <test-case name="OpenSim.Region.ScriptEngine.Shared.Tests.LSL_ApiListTests.TestllListFindList" executed="True" result="Success" success="True" time="0.012" asserts="8" />
                                </results>
                              </test-suite>
                              <test-suite type="TestFixture" name="LSL_ApiNotecardTests" executed="True" result="Success" success="True" time="0.051" asserts="0">
                                <results>
                                  <test-case name="OpenSim.Region.ScriptEngine.Shared.Tests.LSL_ApiNotecardTests.TestLlGetNotecardLine" executed="True" result="Success" success="True" time="0.025" asserts="42" />
                                  <test-case name="OpenSim.Region.ScriptEngine.Shared.Tests.LSL_ApiNotecardTests.TestLlGetNotecardLine_NoNotecard" executed="True" result="Success" success="True" time="0.011" asserts="2" />
                                  <test-case name="OpenSim.Region.ScriptEngine.Shared.Tests.LSL_ApiNotecardTests.TestLlGetNotecardLine_NotANotecard" executed="True" result="Success" success="True" time="0.014" asserts="2" />
                                </results>
                              </test-suite>
                              <test-suite type="TestFixture" name="LSL_ApiObjectTests" executed="True" result="Success" success="True" time="0.192" asserts="0">
                                <results>
                                  <test-case name="OpenSim.Region.ScriptEngine.Shared.Tests.LSL_ApiObjectTests.TestllGetLinkPrimitiveParams" executed="True" result="Success" success="True" time="0.021" asserts="5" />
                                  <test-case name="OpenSim.Region.ScriptEngine.Shared.Tests.LSL_ApiObjectTests.TestllSetPrimitiveParams" executed="True" result="Success" success="True" time="0.170" asserts="103" />
                                </results>
                              </test-suite>
                              <test-suite type="TestFixture" name="LSL_ApiTest" executed="True" result="Success" success="True" time="0.033" asserts="0">
                                <categories>
                                  <category name="Long Running Test" />
                                </categories>
                                <results>
                                  <test-case name="OpenSim.Region.ScriptEngine.Shared.Tests.LSL_ApiTest.TestllAngleBetween" executed="True" result="Success" success="True" time="0.011" asserts="24" />
                                  <test-case name="OpenSim.Region.ScriptEngine.Shared.Tests.LSL_ApiTest.TestllRot2Euler" executed="True" result="Success" success="True" time="0.011" asserts="153" />
                                  <test-case name="OpenSim.Region.ScriptEngine.Shared.Tests.LSL_ApiTest.TestllVecNorm" executed="True" result="Success" success="True" time="0.009" asserts="15" />
                                </results>
                              </test-suite>
                              <test-suite type="TestFixture" name="LSL_ApiUserTests" executed="True" result="Success" success="True" time="0.600" asserts="0">
                                <results>
                                  <test-case name="OpenSim.Region.ScriptEngine.Shared.Tests.LSL_ApiUserTests.TestLlRequestAgentDataOnline" executed="True" result="Success" success="True" time="0.600" asserts="16" />
                                </results>
                              </test-suite>
                              <test-suite type="TestFixture" name="LSL_EventTests" executed="True" result="Success" success="True" time="3.850" asserts="0">
                                <results>
                                  <test-case name="OpenSim.Region.ScriptEngine.Shared.Tests.LSL_EventTests.TestAtRotTargetEvent" executed="True" result="Success" success="True" time="0.157" asserts="4" />
                                  <test-case name="OpenSim.Region.ScriptEngine.Shared.Tests.LSL_EventTests.TestAttachEvent" executed="True" result="Success" success="True" time="0.166" asserts="4" />
                                  <test-case name="OpenSim.Region.ScriptEngine.Shared.Tests.LSL_EventTests.TestAtTargetEvent" executed="True" result="Success" success="True" time="0.164" asserts="4" />
                                  <test-case name="OpenSim.Region.ScriptEngine.Shared.Tests.LSL_EventTests.TestBadEvent" executed="True" result="Success" success="True" time="0.045" asserts="1" />
                                  <test-case name="OpenSim.Region.ScriptEngine.Shared.Tests.LSL_EventTests.TestChangedEvent" executed="True" result="Success" success="True" time="0.196" asserts="4" />
                                  <test-case name="OpenSim.Region.ScriptEngine.Shared.Tests.LSL_EventTests.TestCollisionEndEvent" executed="True" result="Success" success="True" time="0.162" asserts="4" />
                                  <test-case name="OpenSim.Region.ScriptEngine.Shared.Tests.LSL_EventTests.TestCollisionEvent" executed="True" result="Success" success="True" time="0.158" asserts="4" />
                                  <test-case name="OpenSim.Region.ScriptEngine.Shared.Tests.LSL_EventTests.TestCollisionStartEvent" executed="True" result="Success" success="True" time="0.161" asserts="4" />
                                  <test-case name="OpenSim.Region.ScriptEngine.Shared.Tests.LSL_EventTests.TestControlEvent" executed="True" result="Success" success="True" time="0.174" asserts="4" />
                                  <test-case name="OpenSim.Region.ScriptEngine.Shared.Tests.LSL_EventTests.TestLandCollisionEndEvent" executed="True" result="Success" success="True" time="0.217" asserts="4" />
                                  <test-case name="OpenSim.Region.ScriptEngine.Shared.Tests.LSL_EventTests.TestLandCollisionEvent" executed="True" result="Success" success="True" time="0.157" asserts="4" />
                                  <test-case name="OpenSim.Region.ScriptEngine.Shared.Tests.LSL_EventTests.TestLandCollisionStartEvent" executed="True" result="Success" success="True" time="0.158" asserts="4" />
                                  <test-case name="OpenSim.Region.ScriptEngine.Shared.Tests.LSL_EventTests.TestMovingEndEvent" executed="True" result="Success" success="True" time="0.089" asserts="2" />
                                  <test-case name="OpenSim.Region.ScriptEngine.Shared.Tests.LSL_EventTests.TestMovingStartEvent" executed="True" result="Success" success="True" time="0.084" asserts="2" />
                                  <test-case name="OpenSim.Region.ScriptEngine.Shared.Tests.LSL_EventTests.TestNoSensorEvent" executed="True" result="Success" success="True" time="0.083" asserts="2" />
                                  <test-case name="OpenSim.Region.ScriptEngine.Shared.Tests.LSL_EventTests.TestNotAtRotTargetEvent" executed="True" result="Success" success="True" time="0.092" asserts="2" />
                                  <test-case name="OpenSim.Region.ScriptEngine.Shared.Tests.LSL_EventTests.TestNotAtTargetEvent" executed="True" result="Success" success="True" time="0.082" asserts="2" />
                                  <test-case name="OpenSim.Region.ScriptEngine.Shared.Tests.LSL_EventTests.TestObjectRezEvent" executed="True" result="Success" success="True" time="0.162" asserts="4" />
                                  <test-case name="OpenSim.Region.ScriptEngine.Shared.Tests.LSL_EventTests.TestOnRezEvent" executed="True" result="Success" success="True" time="0.213" asserts="4" />
                                  <test-case name="OpenSim.Region.ScriptEngine.Shared.Tests.LSL_EventTests.TestRunTimePermissionsEvent" executed="True" result="Success" success="True" time="0.163" asserts="4" />
                                  <test-case name="OpenSim.Region.ScriptEngine.Shared.Tests.LSL_EventTests.TestSensorEvent" executed="True" result="Success" success="True" time="0.157" asserts="4" />
                                  <test-case name="OpenSim.Region.ScriptEngine.Shared.Tests.LSL_EventTests.TestStateEntryEvent" executed="True" result="Success" success="True" time="0.085" asserts="2" />
                                  <test-case name="OpenSim.Region.ScriptEngine.Shared.Tests.LSL_EventTests.TestStateExitEvent" executed="True" result="Success" success="True" time="0.082" asserts="2" />
                                  <test-case name="OpenSim.Region.ScriptEngine.Shared.Tests.LSL_EventTests.TestTimerEvent" executed="True" result="Success" success="True" time="0.081" asserts="2" />
                                  <test-case name="OpenSim.Region.ScriptEngine.Shared.Tests.LSL_EventTests.TestTouchEndEvent" executed="True" result="Success" success="True" time="0.174" asserts="4" />
                                  <test-case name="OpenSim.Region.ScriptEngine.Shared.Tests.LSL_EventTests.TestTouchEvent" executed="True" result="Success" success="True" time="0.161" asserts="4" />
                                  <test-case name="OpenSim.Region.ScriptEngine.Shared.Tests.LSL_EventTests.TestTouchStartEvent" executed="True" result="Success" success="True" time="0.207" asserts="4" />
                                </results>
                              </test-suite>
                              <test-suite type="TestFixture" name="LSL_TypesTestList" executed="True" result="Success" success="True" time="0.061" asserts="0">
                                <results>
                                  <test-case name="OpenSim.Region.ScriptEngine.Shared.Tests.LSL_TypesTestList.TestCastLSLFloatItemToLSLFloat" executed="True" result="Success" success="True" time="0.002" asserts="1" />
                                  <test-case name="OpenSim.Region.ScriptEngine.Shared.Tests.LSL_TypesTestList.TestCastLSLIntegerItemToLSLInteger" executed="True" result="Success" success="True" time="0.011" asserts="1" />
                                  <test-case name="OpenSim.Region.ScriptEngine.Shared.Tests.LSL_TypesTestList.TestCastLSLStringItemToLSLString" executed="True" result="Success" success="True" time="0.003" asserts="1" />
                                  <test-case name="OpenSim.Region.ScriptEngine.Shared.Tests.LSL_TypesTestList.TestCastQuaternionItemToQuaternion" executed="True" result="Success" success="True" time="0.003" asserts="1" />
                                  <test-case name="OpenSim.Region.ScriptEngine.Shared.Tests.LSL_TypesTestList.TestCastVector3ItemToVector3" executed="True" result="Success" success="True" time="0.003" asserts="1" />
                                  <test-case name="OpenSim.Region.ScriptEngine.Shared.Tests.LSL_TypesTestList.TestConcatenateDouble" executed="True" result="Success" success="True" time="0.003" asserts="6" />
                                  <test-case name="OpenSim.Region.ScriptEngine.Shared.Tests.LSL_TypesTestList.TestConcatenateInteger" executed="True" result="Success" success="True" time="0.002" asserts="6" />
                                  <test-case name="OpenSim.Region.ScriptEngine.Shared.Tests.LSL_TypesTestList.TestConcatenateString" executed="True" result="Success" success="True" time="0.002" asserts="6" />
                                  <test-case name="OpenSim.Region.ScriptEngine.Shared.Tests.LSL_TypesTestList.TestGetKeyItemForKeyItem" executed="True" result="Success" success="True" time="0.003" asserts="1" />
                                  <test-case name="OpenSim.Region.ScriptEngine.Shared.Tests.LSL_TypesTestList.TestGetLSLFloatItemForLSLFloatItem" executed="True" result="Success" success="True" time="0.002" asserts="1" />
                                  <test-case name="OpenSim.Region.ScriptEngine.Shared.Tests.LSL_TypesTestList.TestGetLSLFloatItemForLSLIntegerItem" executed="True" result="Success" success="True" time="0.002" asserts="1" />
                                  <test-case name="OpenSim.Region.ScriptEngine.Shared.Tests.LSL_TypesTestList.TestGetLSLIntegerItemForLSLIntegerItem" executed="True" result="Success" success="True" time="0.002" asserts="1" />
                                  <test-case name="OpenSim.Region.ScriptEngine.Shared.Tests.LSL_TypesTestList.TestGetLSLStringItemForKeyItem" executed="True" result="Success" success="True" time="0.002" asserts="1" />
                                  <test-case name="OpenSim.Region.ScriptEngine.Shared.Tests.LSL_TypesTestList.TestGetLSLStringItemForLSLStringItem" executed="True" result="Success" success="True" time="0.002" asserts="1" />
                                  <test-case name="OpenSim.Region.ScriptEngine.Shared.Tests.LSL_TypesTestList.TestGetQuaternionItemForQuaternionItem" executed="True" result="Success" success="True" time="0.003" asserts="1" />
                                  <test-case name="OpenSim.Region.ScriptEngine.Shared.Tests.LSL_TypesTestList.TestGetVector3ItemForVector3Item" executed="True" result="Success" success="True" time="0.002" asserts="1" />
                                </results>
                              </test-suite>
                              <test-suite type="TestFixture" name="LSL_TypesTestLSLFloat" executed="True" result="Success" success="True" time="0.100" asserts="0">
                                <results>
                                  <test-case name="OpenSim.Region.ScriptEngine.Shared.Tests.LSL_TypesTestLSLFloat.TestAddTwoLSLFloats" executed="True" result="Success" success="True" time="0.003" asserts="19" />
                                  <test-case name="OpenSim.Region.ScriptEngine.Shared.Tests.LSL_TypesTestLSLFloat.TestConstructFromDouble" executed="True" result="Success" success="True" time="0.002" asserts="19" />
                                  <test-case name="OpenSim.Region.ScriptEngine.Shared.Tests.LSL_TypesTestLSLFloat.TestConstructFromInt" executed="True" result="Success" success="True" time="0.002" asserts="7" />
                                  <test-case name="OpenSim.Region.ScriptEngine.Shared.Tests.LSL_TypesTestLSLFloat.TestDecrementOperator" executed="True" result="Success" success="True" time="0.003" asserts="54" />
                                  <test-case name="OpenSim.Region.ScriptEngine.Shared.Tests.LSL_TypesTestLSLFloat.TestDivideTwoLSLFloats" executed="True" result="Success" success="True" time="0.002" asserts="18" />
                                  <test-case name="OpenSim.Region.ScriptEngine.Shared.Tests.LSL_TypesTestLSLFloat.TestEqualsOperator" executed="True" result="Success" success="True" time="0.002" asserts="36" />
                                  <test-case name="OpenSim.Region.ScriptEngine.Shared.Tests.LSL_TypesTestLSLFloat.TestExplicitCastLSLFloatToFloat" executed="True" result="Success" success="True" time="0.002" asserts="18" />
                                  <test-case name="OpenSim.Region.ScriptEngine.Shared.Tests.LSL_TypesTestLSLFloat.TestExplicitCastLSLFloatToInt" executed="True" result="Success" success="True" time="0.003" asserts="19" />
                                  <test-case name="OpenSim.Region.ScriptEngine.Shared.Tests.LSL_TypesTestLSLFloat.TestExplicitCastLSLFloatToUint" executed="True" result="Success" success="True" time="0.003" asserts="19" />
                                  <test-case name="OpenSim.Region.ScriptEngine.Shared.Tests.LSL_TypesTestLSLFloat.TestExplicitCastLSLIntegerToLSLFloat" executed="True" result="Success" success="True" time="0.007" asserts="7" />
                                  <test-case name="OpenSim.Region.ScriptEngine.Shared.Tests.LSL_TypesTestLSLFloat.TestExplicitCastLSLStringToLSLFloat" executed="True" result="Success" success="True" time="0.006" asserts="28" />
                                  <test-case name="OpenSim.Region.ScriptEngine.Shared.Tests.LSL_TypesTestLSLFloat.TestExplicitCastStringToLSLFloat" executed="True" result="Success" success="True" time="0.004" asserts="28" />
                                  <test-case name="OpenSim.Region.ScriptEngine.Shared.Tests.LSL_TypesTestLSLFloat.TestImplicitCastBooleanToLSLFloat" executed="True" result="Success" success="True" time="0.002" asserts="4" />
                                  <test-case name="OpenSim.Region.ScriptEngine.Shared.Tests.LSL_TypesTestLSLFloat.TestImplicitCastDoubleToLSLFloat" executed="True" result="Success" success="True" time="0.002" asserts="18" />
                                  <test-case name="OpenSim.Region.ScriptEngine.Shared.Tests.LSL_TypesTestLSLFloat.TestImplicitCastIntToLSLFloat" executed="True" result="Success" success="True" time="0.002" asserts="7" />
                                  <test-case name="OpenSim.Region.ScriptEngine.Shared.Tests.LSL_TypesTestLSLFloat.TestImplicitCastLSLFloatToBooleanFalse" executed="True" result="Success" success="True" time="0.002" asserts="1" />
                                  <test-case name="OpenSim.Region.ScriptEngine.Shared.Tests.LSL_TypesTestLSLFloat.TestImplicitCastLSLFloatToBooleanTrue" executed="True" result="Success" success="True" time="0.002" asserts="18" />
                                  <test-case name="OpenSim.Region.ScriptEngine.Shared.Tests.LSL_TypesTestLSLFloat.TestImplicitCastLSLFloatToDouble" executed="True" result="Success" success="True" time="0.002" asserts="18" />
                                  <test-case name="OpenSim.Region.ScriptEngine.Shared.Tests.LSL_TypesTestLSLFloat.TestImplicitCastLSLIntegerToLSLFloat" executed="True" result="Success" success="True" time="0.002" asserts="7" />
                                  <test-case name="OpenSim.Region.ScriptEngine.Shared.Tests.LSL_TypesTestLSLFloat.TestIncrementOperator" executed="True" result="Success" success="True" time="0.003" asserts="54" />
                                  <test-case name="OpenSim.Region.ScriptEngine.Shared.Tests.LSL_TypesTestLSLFloat.TestMultiplyTwoLSLFloats" executed="True" result="Success" success="True" time="0.002" asserts="19" />
                                  <test-case name="OpenSim.Region.ScriptEngine.Shared.Tests.LSL_TypesTestLSLFloat.TestNotEqualOperator" executed="True" result="Success" success="True" time="0.002" asserts="36" />
                                  <test-case name="OpenSim.Region.ScriptEngine.Shared.Tests.LSL_TypesTestLSLFloat.TestSubtractTwoLSLFloats" executed="True" result="Success" success="True" time="0.002" asserts="19" />
                                  <test-case name="OpenSim.Region.ScriptEngine.Shared.Tests.LSL_TypesTestLSLFloat.TestToString" executed="True" result="Success" success="True" time="0.006" asserts="19" />
                                </results>
                              </test-suite>
                              <test-suite type="TestFixture" name="LSL_TypesTestLSLInteger" executed="True" result="Success" success="True" time="0.013" asserts="0">
                                <results>
                                  <test-case name="OpenSim.Region.ScriptEngine.Shared.Tests.LSL_TypesTestLSLInteger.TestExplicitCastLSLFloatToLSLInteger" executed="True" result="Success" success="True" time="0.002" asserts="7" />
                                  <test-case name="OpenSim.Region.ScriptEngine.Shared.Tests.LSL_TypesTestLSLInteger.TestExplicitCastLSLStringToLSLInteger" executed="True" result="Success" success="True" time="0.003" asserts="17" />
                                  <test-case name="OpenSim.Region.ScriptEngine.Shared.Tests.LSL_TypesTestLSLInteger.TestExplicitCastStringToLSLInteger" executed="True" result="Success" success="True" time="0.002" asserts="17" />
                                  <test-case name="OpenSim.Region.ScriptEngine.Shared.Tests.LSL_TypesTestLSLInteger.TestImplicitCastBooleanToLSLInteger" executed="True" result="Success" success="True" time="0.002" asserts="4" />
                                </results>
                              </test-suite>
                              <test-suite type="TestFixture" name="LSL_TypesTestLSLString" executed="True" result="Success" success="True" time="0.017" asserts="0">
                                <results>
                                  <test-case name="OpenSim.Region.ScriptEngine.Shared.Tests.LSL_TypesTestLSLString.TestConstructFromLSLFloat" executed="True" result="Success" success="True" time="0.002" asserts="19" />
                                  <test-case name="OpenSim.Region.ScriptEngine.Shared.Tests.LSL_TypesTestLSLString.TestExplicitCastLSLFloatToLSLString" executed="True" result="Success" success="True" time="0.003" asserts="19" />
                                  <test-case name="OpenSim.Region.ScriptEngine.Shared.Tests.LSL_TypesTestLSLString.TestExplicitCastLSLStringToQuaternion" executed="True" result="Success" success="True" time="0.003" asserts="2" />
                                  <test-case name="OpenSim.Region.ScriptEngine.Shared.Tests.LSL_TypesTestLSLString.TestImplicitCastBooleanToLSLFloat" executed="True" result="Success" success="True" time="0.002" asserts="4" />
                                </results>
                              </test-suite>
                              <test-suite type="TestFixture" name="LSL_TypesTestVector3" executed="True" result="Success" success="True" time="0.003" asserts="0">
                                <results>
                                  <test-case name="OpenSim.Region.ScriptEngine.Shared.Tests.LSL_TypesTestVector3.TestDotProduct" executed="True" result="Success" success="True" time="0.003" asserts="2" />
                                </results>
                              </test-suite>
                              <test-suite type="TestFixture" name="OSSL_ApiAppearanceTest" executed="True" result="Success" success="True" time="1.058" asserts="0">
                                <results>
                                  <test-case name="OpenSim.Region.ScriptEngine.Shared.Tests.OSSL_ApiAppearanceTest.TestOsAgentSaveAppearance" executed="True" result="Success" success="True" time="0.542" asserts="4" />
                                  <test-case name="OpenSim.Region.ScriptEngine.Shared.Tests.OSSL_ApiAppearanceTest.TestOsOwnerSaveAppearance" executed="True" result="Success" success="True" time="0.516" asserts="4" />
                                </results>
                              </test-suite>
                              <test-suite type="TestFixture" name="OSSL_ApiAttachmentTests" executed="True" result="Success" success="True" time="2.092" asserts="0">
                                <results>
                                  <test-case name="OpenSim.Region.ScriptEngine.Shared.Tests.OSSL_ApiAttachmentTests.TestOsForceAttachToAvatarFromInventory" executed="True" result="Success" success="True" time="0.558" asserts="9" />
                                  <test-case name="OpenSim.Region.ScriptEngine.Shared.Tests.OSSL_ApiAttachmentTests.TestOsForceAttachToAvatarFromInventoryNotObject" executed="True" result="Success" success="True" time="0.511" asserts="4" />
                                  <test-case name="OpenSim.Region.ScriptEngine.Shared.Tests.OSSL_ApiAttachmentTests.TestOsForceAttachToOtherAvatarFromInventory" executed="True" result="Success" success="True" time="1.021" asserts="13" />
                                </results>
                              </test-suite>
                              <test-suite type="TestFixture" name="OSSL_NpcApiAppearanceTest" executed="True" result="Success" success="True" time="3.808" asserts="0">
                                <results>
                                  <test-case name="OpenSim.Region.ScriptEngine.Shared.Tests.OSSL_NpcApiAppearanceTest.TestOsNpcCreateNotExistingNotecard" executed="True" result="Success" success="True" time="0.012" asserts="1" />
                                  <test-case name="OpenSim.Region.ScriptEngine.Shared.Tests.OSSL_NpcApiAppearanceTest.TestOsNpcCreateUsingAppearanceFromAvatar" executed="True" result="Success" success="True" time="0.527" asserts="3" />
                                  <test-case name="OpenSim.Region.ScriptEngine.Shared.Tests.OSSL_NpcApiAppearanceTest.TestOsNpcCreateUsingAppearanceFromNotecard" executed="True" result="Success" success="True" time="0.545" asserts="3" />
                                  <test-case name="OpenSim.Region.ScriptEngine.Shared.Tests.OSSL_NpcApiAppearanceTest.TestOsNpcLoadAppearance" executed="True" result="Success" success="True" time="0.583" asserts="2" />
                                  <test-case name="OpenSim.Region.ScriptEngine.Shared.Tests.OSSL_NpcApiAppearanceTest.TestOsNpcLoadAppearanceNotExistingNotecard" executed="True" result="Success" success="True" time="0.546" asserts="3" />
                                  <test-case name="OpenSim.Region.ScriptEngine.Shared.Tests.OSSL_NpcApiAppearanceTest.TestOsNpcRemoveOwned" executed="True" result="Success" success="True" time="1.048" asserts="2" />
                                  <test-case name="OpenSim.Region.ScriptEngine.Shared.Tests.OSSL_NpcApiAppearanceTest.TestOsNpcRemoveUnowned" executed="True" result="Success" success="True" time="0.543" asserts="1" />
                                </results>
                              </test-suite>
                            </results>
                          </test-suite>
                        </results>
                      </test-suite>
                      <test-suite type="Namespace" name="XEngine" executed="True" result="Success" success="True" time="1.196" asserts="0">
                        <results>
                          <test-suite type="Namespace" name="Tests" executed="True" result="Success" success="True" time="1.195" asserts="0">
                            <results>
                              <test-suite type="TestFixture" name="XEngineBasicTests" executed="True" result="Success" success="True" time="0.454" asserts="0">
                                <results>
                                  <test-case name="OpenSim.Region.ScriptEngine.XEngine.Tests.XEngineBasicTests.TestCompileAndStartScript" executed="True" result="Success" success="True" time="0.446" asserts="4" />
                                </results>
                              </test-suite>
                              <test-suite type="TestFixture" name="XEngineCrossingTests" executed="True" result="Success" success="True" time="0.739" asserts="0">
                                <results>
                                  <test-case name="OpenSim.Region.ScriptEngine.XEngine.Tests.XEngineCrossingTests.TestScriptCrossOnSameSimulator" executed="True" result="Success" success="True" time="0.739" asserts="7" />
                                </results>
                              </test-suite>
                            </results>
                          </test-suite>
                        </results>
                      </test-suite>
                    </results>
                  </test-suite>
                </results>
              </test-suite>
            </results>
          </test-suite>
        </results>
      </test-suite>
      <test-suite type="Assembly" name="/home/jenkins/workspace/osCore2/bin/OpenSim.Server.Handlers.Tests.dll" executed="True" result="Success" success="True" time="0.334" asserts="0">
        <results>
          <test-suite type="Namespace" name="OpenSim" executed="True" result="Success" success="True" time="0.329" asserts="0">
            <results>
              <test-suite type="Namespace" name="Server" executed="True" result="Success" success="True" time="0.328" asserts="0">
                <results>
                  <test-suite type="Namespace" name="Handlers" executed="True" result="Success" success="True" time="0.328" asserts="0">
                    <results>
                      <test-suite type="Namespace" name="Asset" executed="True" result="Success" success="True" time="0.328" asserts="0">
                        <results>
                          <test-suite type="Namespace" name="Test" executed="True" result="Success" success="True" time="0.328" asserts="0">
                            <results>
                              <test-suite type="TestFixture" name="AssetServerPostHandlerTests" executed="True" result="Success" success="True" time="0.327" asserts="0">
                                <results>
                                  <test-case name="OpenSim.Server.Handlers.Asset.Test.AssetServerPostHandlerTests.TestBadXmlAssetStoreRequest" executed="True" result="Success" success="True" time="0.255" asserts="1" />
                                  <test-case name="OpenSim.Server.Handlers.Asset.Test.AssetServerPostHandlerTests.TestGoodAssetStoreRequest" executed="True" result="Success" success="True" time="0.066" asserts="1" />
                                </results>
                              </test-suite>
                            </results>
                          </test-suite>
                        </results>
                      </test-suite>
                    </results>
                  </test-suite>
                </results>
              </test-suite>
            </results>
          </test-suite>
        </results>
      </test-suite>
      <test-suite type="Assembly" name="/home/jenkins/workspace/osCore2/bin/OpenSim.Services.InventoryService.Tests.dll" executed="True" result="Success" success="True" time="0.090" asserts="0">
        <results>
          <test-suite type="Namespace" name="OpenSim" executed="True" result="Success" success="True" time="0.084" asserts="0">
            <results>
              <test-suite type="Namespace" name="Services" executed="True" result="Success" success="True" time="0.084" asserts="0">
                <results>
                  <test-suite type="Namespace" name="InventoryService" executed="True" result="Success" success="True" time="0.084" asserts="0">
                    <results>
                      <test-suite type="Namespace" name="Tests" executed="True" result="Success" success="True" time="0.084" asserts="0">
                        <results>
                          <test-suite type="TestFixture" name="XInventoryServiceTests" executed="True" result="Success" success="True" time="0.083" asserts="0">
                            <results>
                              <test-case name="OpenSim.Services.InventoryService.Tests.XInventoryServiceTests.TestAddItem" executed="True" result="Success" success="True" time="0.071" asserts="9" />
                              <test-case name="OpenSim.Services.InventoryService.Tests.XInventoryServiceTests.TestUpdateItem" executed="True" result="Success" success="True" time="0.006" asserts="13" />
                            </results>
                          </test-suite>
                        </results>
                      </test-suite>
                    </results>
                  </test-suite>
                </results>
              </test-suite>
            </results>
          </test-suite>
        </results>
      </test-suite>
      <test-suite type="Assembly" name="/home/jenkins/workspace/osCore2/bin/OpenSim.Tests.dll" executed="True" result="Success" success="True" time="0.145" asserts="0">
        <results>
          <test-suite type="Namespace" name="OpenSim" executed="True" result="Success" success="True" time="0.140" asserts="0">
            <results>
              <test-suite type="Namespace" name="Tests" executed="True" result="Success" success="True" time="0.140" asserts="0">
                <results>
                  <test-suite type="TestFixture" name="ConfigurationLoaderTests" executed="True" result="Success" success="True" time="0.139" asserts="0">
                    <results>
                      <test-case name="OpenSim.Tests.ConfigurationLoaderTests.IncludeTests" executed="True" result="Success" success="True" time="0.135" asserts="1" />
                    </results>
                  </test-suite>
                </results>
              </test-suite>
            </results>
          </test-suite>
        </results>
      </test-suite>
      <test-suite type="Assembly" name="/home/jenkins/workspace/osCore2/bin/Robust.Tests.dll" executed="True" result="Failure" success="False" time="3.457" asserts="0">
        <results>
          <test-suite type="Namespace" name="Robust" executed="True" result="Failure" success="False" time="3.452" asserts="0">
            <results>
              <test-suite type="SetUpFixture" name="Tests" executed="True" result="Failure" success="False" time="3.451" asserts="0">
                <results>
                  <test-suite type="TestFixture" name="GridClient" executed="True" result="Success" success="True" time="0.232" asserts="0">
                    <results>
                      <test-case name="Robust.Tests.GridClient.Grid_001" executed="True" result="Success" success="True" time="0.229" asserts="23" />
                    </results>
                  </test-suite>
                  <test-suite type="TestFixture" name="IMClient" executed="True" result="Success" success="True" time="0.025" asserts="0">
                    <results>
                      <test-case name="Robust.Tests.IMClient.HGIM_001" executed="True" result="Success" success="True" time="0.025" asserts="1" />
                    </results>
                  </test-suite>
                  <test-suite type="TestFixture" name="InventoryClient" executed="True" result="Failure" success="False" time="0.117" asserts="0">
                    <results>
                      <test-case name="Robust.Tests.InventoryClient.Inventory_001_CreateInventory" executed="True" result="Error" success="False" time="0.048" asserts="11">
                        <failure>
                          <message><![CDATA[System.ObjectDisposedException : Cannot access a disposed object.
Object name: 'System.Net.Sockets.NetworkStream'.]]></message>
                          <stack-trace><![CDATA[at OpenSim.Framework.SynchronousRestFormsRequester.MakeRequest (System.String verb, System.String requestUrl, System.String obj, System.Int32 timeoutsecs, OpenSim.Framework.ServiceAuth.IServiceAuth auth, System.Boolean keepalive) [0x001b2] in <ab07ecf16c184c9aba59318037e381c8>:0
at OpenSim.Services.Connectors.XInventoryServicesConnector.MakeRequest (System.String method, System.Collections.Generic.Dictionary`2[TKey,TValue] sendData) [0x00094] in <bf9bb5102e4e489bbc77031d2fe85736>:0
at OpenSim.Services.Connectors.XInventoryServicesConnector.AddItem (OpenSim.Framework.InventoryItemBase item) [0x002c5] in <bf9bb5102e4e489bbc77031d2fe85736>:0
at Robust.Tests.InventoryClient.Inventory_001_CreateInventory () [0x002e4] in <0f4ed40c75a440819a300b444334df6b>:0
]]></stack-trace>
                        </failure>
                      </test-case>
                      <test-case name="Robust.Tests.InventoryClient.Inventory_002_MultipleItemsRequest" executed="True" result="Success" success="True" time="0.019" asserts="16" />
                    </results>
                  </test-suite>
                  <test-suite type="TestFixture" name="PresenceClient" executed="True" result="Success" success="True" time="0.019" asserts="0">
                    <results>
                      <test-case name="Robust.Tests.PresenceClient.Presence_001" executed="True" result="Success" success="True" time="0.018" asserts="11" />
                    </results>
                  </test-suite>
                  <test-suite type="TestFixture" name="UserAccountsClient" executed="True" result="Success" success="True" time="0.031" asserts="0">
                    <results>
                      <test-case name="Robust.Tests.UserAccountsClient.UserAccounts_001" executed="True" result="Success" success="True" time="0.030" asserts="12" />
                    </results>
                  </test-suite>
                </results>
              </test-suite>
            </results>
          </test-suite>
        </results>
      </test-suite>
    </results>
  </test-suite>
</test-results>